<?xml version="1.0" encoding="UTF-8"?>
<!-- Generated by org.testng.reporters.JUnitXMLReporter -->
<testsuite ignored="0" hostname="DESKTOP-6FQQ1FF" failures="0" tests="1" name="Default test" time="7.683" errors="0" timestamp="2023-10-12T00:58:32 EDT">
  <testcase classname="com.facebook.registrationTests.RegistrationTest" name="@AfterMethod closeApp" time="0.009">
    <failure type="java.lang.StackOverflowError">
      <![CDATA[java.lang.StackOverflowError
at com.facebook.registrationTests.RegistrationTest.closeApp(RegistrationTest.java:42)
at com.facebook.registrationTests.RegistrationTest.closeApp(RegistrationTest.java:42)
at com.facebook.registrationTests.RegistrationTest.closeApp(RegistrationTest.java:42)
at com.facebook.registrationTests.RegistrationTest.closeApp(RegistrationTest.java:42)
at com.facebook.registrationTests.RegistrationTest.closeApp(RegistrationTest.java:42)
at com.facebook.registrationTests.RegistrationTest.closeApp(RegistrationTest.java:42)
at com.facebook.registrationTests.RegistrationTest.closeApp(RegistrationTest.java:42)
at com.facebook.registrationTests.RegistrationTest.closeApp(RegistrationTest.java:42)
at com.facebook.registrationTests.RegistrationTest.closeApp(RegistrationTest.java:42)
at com.facebook.registrationTests.RegistrationTest.closeApp(RegistrationTest.java:42)
at com.facebook.registrationTests.RegistrationTest.closeApp(RegistrationTest.java:42)
at com.facebook.registrationTests.RegistrationTest.closeApp(RegistrationTest.java:42)
at com.facebook.registrationTests.RegistrationTest.closeApp(RegistrationTest.java:42)
at com.facebook.registrationTests.RegistrationTest.closeApp(RegistrationTest.java:42)
at com.facebook.registrationTests.RegistrationTest.closeApp(RegistrationTest.java:42)
at com.facebook.registrationTests.RegistrationTest.closeApp(RegistrationTest.java:42)
at com.facebook.registrationTests.RegistrationTest.closeApp(RegistrationTest.java:42)
at com.facebook.registrationTests.RegistrationTest.closeApp(RegistrationTest.java:42)
at com.facebook.registrationTests.RegistrationTest.closeApp(RegistrationTest.java:42)
at com.facebook.registrationTests.RegistrationTest.closeApp(RegistrationTest.java:42)
at com.facebook.registrationTests.RegistrationTest.closeApp(RegistrationTest.java:42)
at com.facebook.registrationTests.RegistrationTest.closeApp(RegistrationTest.java:42)
at com.facebook.registrationTests.RegistrationTest.closeApp(RegistrationTest.java:42)
at com.facebook.registrationTests.RegistrationTest.closeApp(RegistrationTest.java:42)
at com.facebook.registrationTests.RegistrationTest.closeApp(RegistrationTest.java:42)
at com.facebook.registrationTests.RegistrationTest.closeApp(RegistrationTest.java:42)
at com.facebook.registrationTests.RegistrationTest.closeApp(RegistrationTest.java:42)
at com.facebook.registrationTests.RegistrationTest.closeApp(RegistrationTest.java:42)
at com.facebook.registrationTests.RegistrationTest.closeApp(RegistrationTest.java:42)
at com.facebook.registrationTests.RegistrationTest.closeApp(RegistrationTest.java:42)
at com.facebook.registrationTests.RegistrationTest.closeApp(RegistrationTest.java:42)
at com.facebook.registrationTests.RegistrationTest.closeApp(RegistrationTest.java:42)
at com.facebook.registrationTests.RegistrationTest.closeApp(RegistrationTest.java:42)
at com.facebook.registrationTests.RegistrationTest.closeApp(RegistrationTest.java:42)
at com.facebook.registrationTests.RegistrationTest.closeApp(RegistrationTest.java:42)
at com.facebook.registrationTests.RegistrationTest.closeApp(RegistrationTest.java:42)
at com.facebook.registrationTests.RegistrationTest.closeApp(RegistrationTest.java:42)
at com.facebook.registrationTests.RegistrationTest.closeApp(RegistrationTest.java:42)
at com.facebook.registrationTests.RegistrationTest.closeApp(RegistrationTest.java:42)
at com.facebook.registrationTests.RegistrationTest.closeApp(RegistrationTest.java:42)
at com.facebook.registrationTests.RegistrationTest.closeApp(RegistrationTest.java:42)
at com.facebook.registrationTests.RegistrationTest.closeApp(RegistrationTest.java:42)
at com.facebook.registrationTests.RegistrationTest.closeApp(RegistrationTest.java:42)
at com.facebook.registrationTests.RegistrationTest.closeApp(RegistrationTest.java:42)
at com.facebook.registrationTests.RegistrationTest.closeApp(RegistrationTest.java:42)
at com.facebook.registrationTests.RegistrationTest.closeApp(RegistrationTest.java:42)
at com.facebook.registrationTests.RegistrationTest.closeApp(RegistrationTest.java:42)
at com.facebook.registrationTests.RegistrationTest.closeApp(RegistrationTest.java:42)
at com.facebook.registrationTests.RegistrationTest.closeApp(RegistrationTest.java:42)
at com.facebook.registrationTests.RegistrationTest.closeApp(RegistrationTest.java:42)
at com.facebook.registrationTests.RegistrationTest.closeApp(RegistrationTest.java:42)
at com.facebook.registrationTests.RegistrationTest.closeApp(RegistrationTest.java:42)
at com.facebook.registrationTests.RegistrationTest.closeApp(RegistrationTest.java:42)
at com.facebook.registrationTests.RegistrationTest.closeApp(RegistrationTest.java:42)
at com.facebook.registrationTests.RegistrationTest.closeApp(RegistrationTest.java:42)
at com.facebook.registrationTests.RegistrationTest.closeApp(RegistrationTest.java:42)
at com.facebook.registrationTests.RegistrationTest.closeApp(RegistrationTest.java:42)
at com.facebook.registrationTests.RegistrationTest.closeApp(RegistrationTest.java:42)
at com.facebook.registrationTests.RegistrationTest.closeApp(RegistrationTest.java:42)
at com.facebook.registrationTests.RegistrationTest.closeApp(RegistrationTest.java:42)
at com.facebook.registrationTests.RegistrationTest.closeApp(RegistrationTest.java:42)
at com.facebook.registrationTests.RegistrationTest.closeApp(RegistrationTest.java:42)
at com.facebook.registrationTests.RegistrationTest.closeApp(RegistrationTest.java:42)
at com.facebook.registrationTests.RegistrationTest.closeApp(RegistrationTest.java:42)
at com.facebook.registrationTests.RegistrationTest.closeApp(RegistrationTest.java:42)
at com.facebook.registrationTests.RegistrationTest.closeApp(RegistrationTest.java:42)
at com.facebook.registrationTests.RegistrationTest.closeApp(RegistrationTest.java:42)
at com.facebook.registrationTests.RegistrationTest.closeApp(RegistrationTest.java:42)
at com.facebook.registrationTests.RegistrationTest.closeApp(RegistrationTest.java:42)
at com.facebook.registrationTests.RegistrationTest.closeApp(RegistrationTest.java:42)
at com.facebook.registrationTests.RegistrationTest.closeApp(RegistrationTest.java:42)
at com.facebook.registrationTests.RegistrationTest.closeApp(RegistrationTest.java:42)
at com.facebook.registrationTests.RegistrationTest.closeApp(RegistrationTest.java:42)
at com.facebook.registrationTests.RegistrationTest.closeApp(RegistrationTest.java:42)
at com.facebook.registrationTests.RegistrationTest.closeApp(RegistrationTest.java:42)
at com.facebook.registrationTests.RegistrationTest.closeApp(RegistrationTest.java:42)
at com.facebook.registrationTests.RegistrationTest.closeApp(RegistrationTest.java:42)
at com.facebook.registrationTests.RegistrationTest.closeApp(RegistrationTest.java:42)
at com.facebook.registrationTests.RegistrationTest.closeApp(RegistrationTest.java:42)
at com.facebook.registrationTests.RegistrationTest.closeApp(RegistrationTest.java:42)
at com.facebook.registrationTests.RegistrationTest.closeApp(RegistrationTest.java:42)
at com.facebook.registrationTests.RegistrationTest.closeApp(RegistrationTest.java:42)
at com.facebook.registrationTests.RegistrationTest.closeApp(RegistrationTest.java:42)
at com.facebook.registrationTests.RegistrationTest.closeApp(RegistrationTest.java:42)
at com.facebook.registrationTests.RegistrationTest.closeApp(RegistrationTest.java:42)
at com.facebook.registrationTests.RegistrationTest.closeApp(RegistrationTest.java:42)
at com.facebook.registrationTests.RegistrationTest.closeApp(RegistrationTest.java:42)
at com.facebook.registrationTests.RegistrationTest.closeApp(RegistrationTest.java:42)
at com.facebook.registrationTests.RegistrationTest.closeApp(RegistrationTest.java:42)
at com.facebook.registrationTests.RegistrationTest.closeApp(RegistrationTest.java:42)
at com.facebook.registrationTests.RegistrationTest.closeApp(RegistrationTest.java:42)
at com.facebook.registrationTests.RegistrationTest.closeApp(RegistrationTest.java:42)
at com.facebook.registrationTests.RegistrationTest.closeApp(RegistrationTest.java:42)
at com.facebook.registrationTests.RegistrationTest.closeApp(RegistrationTest.java:42)
at com.facebook.registrationTests.RegistrationTest.closeApp(RegistrationTest.java:42)
at com.facebook.registrationTests.RegistrationTest.closeApp(RegistrationTest.java:42)
at com.facebook.registrationTests.RegistrationTest.closeApp(RegistrationTest.java:42)
at com.facebook.registrationTests.RegistrationTest.closeApp(RegistrationTest.java:42)
at com.facebook.registrationTests.RegistrationTest.closeApp(RegistrationTest.java:42)
at com.facebook.registrationTests.RegistrationTest.closeApp(RegistrationTest.java:42)
at com.facebook.registrationTests.RegistrationTest.closeApp(RegistrationTest.java:42)
at com.facebook.registrationTests.RegistrationTest.closeApp(RegistrationTest.java:42)
at com.facebook.registrationTests.RegistrationTest.closeApp(RegistrationTest.java:42)
at com.facebook.registrationTests.RegistrationTest.closeApp(RegistrationTest.java:42)
at com.facebook.registrationTests.RegistrationTest.closeApp(RegistrationTest.java:42)
at com.facebook.registrationTests.RegistrationTest.closeApp(RegistrationTest.java:42)
at com.facebook.registrationTests.RegistrationTest.closeApp(RegistrationTest.java:42)
at com.facebook.registrationTests.RegistrationTest.closeApp(RegistrationTest.java:42)
at com.facebook.registrationTests.RegistrationTest.closeApp(RegistrationTest.java:42)
at com.facebook.registrationTests.RegistrationTest.closeApp(RegistrationTest.java:42)
at com.facebook.registrationTests.RegistrationTest.closeApp(RegistrationTest.java:42)
at com.facebook.registrationTests.RegistrationTest.closeApp(RegistrationTest.java:42)
at com.facebook.registrationTests.RegistrationTest.closeApp(RegistrationTest.java:42)
at com.facebook.registrationTests.RegistrationTest.closeApp(RegistrationTest.java:42)
at com.facebook.registrationTests.RegistrationTest.closeApp(RegistrationTest.java:42)
at com.facebook.registrationTests.RegistrationTest.closeApp(RegistrationTest.java:42)
at com.facebook.registrationTests.RegistrationTest.closeApp(RegistrationTest.java:42)
at com.facebook.registrationTests.RegistrationTest.closeApp(RegistrationTest.java:42)
at com.facebook.registrationTests.RegistrationTest.closeApp(RegistrationTest.java:42)
at com.facebook.registrationTests.RegistrationTest.closeApp(RegistrationTest.java:42)
at com.facebook.registrationTests.RegistrationTest.closeApp(RegistrationTest.java:42)
at com.facebook.registrationTests.RegistrationTest.closeApp(RegistrationTest.java:42)
at com.facebook.registrationTests.RegistrationTest.closeApp(RegistrationTest.java:42)
at com.facebook.registrationTests.RegistrationTest.closeApp(RegistrationTest.java:42)
at com.facebook.registrationTests.RegistrationTest.closeApp(RegistrationTest.java:42)
at com.facebook.registrationTests.RegistrationTest.closeApp(RegistrationTest.java:42)
at com.facebook.registrationTests.RegistrationTest.closeApp(RegistrationTest.java:42)
at com.facebook.registrationTests.RegistrationTest.closeApp(RegistrationTest.java:42)
at com.facebook.registrationTests.RegistrationTest.closeApp(RegistrationTest.java:42)
at com.facebook.registrationTests.RegistrationTest.closeApp(RegistrationTest.java:42)
at com.facebook.registrationTests.RegistrationTest.closeApp(RegistrationTest.java:42)
at com.facebook.registrationTests.RegistrationTest.closeApp(RegistrationTest.java:42)
at com.facebook.registrationTests.RegistrationTest.closeApp(RegistrationTest.java:42)
at com.facebook.registrationTests.RegistrationTest.closeApp(RegistrationTest.java:42)
at com.facebook.registrationTests.RegistrationTest.closeApp(RegistrationTest.java:42)
at com.facebook.registrationTests.RegistrationTest.closeApp(RegistrationTest.java:42)
at com.facebook.registrationTests.RegistrationTest.closeApp(RegistrationTest.java:42)
at com.facebook.registrationTests.RegistrationTest.closeApp(RegistrationTest.java:42)
at com.facebook.registrationTests.RegistrationTest.closeApp(RegistrationTest.java:42)
at com.facebook.registrationTests.RegistrationTest.closeApp(RegistrationTest.java:42)
at com.facebook.registrationTests.RegistrationTest.closeApp(RegistrationTest.java:42)
at com.facebook.registrationTests.RegistrationTest.closeApp(RegistrationTest.java:42)
at com.facebook.registrationTests.RegistrationTest.closeApp(RegistrationTest.java:42)
at com.facebook.registrationTests.RegistrationTest.closeApp(RegistrationTest.java:42)
at com.facebook.registrationTests.RegistrationTest.closeApp(RegistrationTest.java:42)
at com.facebook.registrationTests.RegistrationTest.closeApp(RegistrationTest.java:42)
at com.facebook.registrationTests.RegistrationTest.closeApp(RegistrationTest.java:42)
at com.facebook.registrationTests.RegistrationTest.closeApp(RegistrationTest.java:42)
at com.facebook.registrationTests.RegistrationTest.closeApp(RegistrationTest.java:42)
at com.facebook.registrationTests.RegistrationTest.closeApp(RegistrationTest.java:42)
at com.facebook.registrationTests.RegistrationTest.closeApp(RegistrationTest.java:42)
at com.facebook.registrationTests.RegistrationTest.closeApp(RegistrationTest.java:42)
at com.facebook.registrationTests.RegistrationTest.closeApp(RegistrationTest.java:42)
at com.facebook.registrationTests.RegistrationTest.closeApp(RegistrationTest.java:42)
at com.facebook.registrationTests.RegistrationTest.closeApp(RegistrationTest.java:42)
at com.facebook.registrationTests.RegistrationTest.closeApp(RegistrationTest.java:42)
at com.facebook.registrationTests.RegistrationTest.closeApp(RegistrationTest.java:42)
at com.facebook.registrationTests.RegistrationTest.closeApp(RegistrationTest.java:42)
at com.facebook.registrationTests.RegistrationTest.closeApp(RegistrationTest.java:42)
at com.facebook.registrationTests.RegistrationTest.closeApp(RegistrationTest.java:42)
at com.facebook.registrationTests.RegistrationTest.closeApp(RegistrationTest.java:42)
at com.facebook.registrationTests.RegistrationTest.closeApp(RegistrationTest.java:42)
at com.facebook.registrationTests.RegistrationTest.closeApp(RegistrationTest.java:42)
at com.facebook.registrationTests.RegistrationTest.closeApp(RegistrationTest.java:42)
at com.facebook.registrationTests.RegistrationTest.closeApp(RegistrationTest.java:42)
at com.facebook.registrationTests.RegistrationTest.closeApp(RegistrationTest.java:42)
at com.facebook.registrationTests.RegistrationTest.closeApp(RegistrationTest.java:42)
at com.facebook.registrationTests.RegistrationTest.closeApp(RegistrationTest.java:42)
at com.facebook.registrationTests.RegistrationTest.closeApp(RegistrationTest.java:42)
at com.facebook.registrationTests.RegistrationTest.closeApp(RegistrationTest.java:42)
at com.facebook.registrationTests.RegistrationTest.closeApp(RegistrationTest.java:42)
at com.facebook.registrationTests.RegistrationTest.closeApp(RegistrationTest.java:42)
at com.facebook.registrationTests.RegistrationTest.closeApp(RegistrationTest.java:42)
at com.facebook.registrationTests.RegistrationTest.closeApp(RegistrationTest.java:42)
at com.facebook.registrationTests.RegistrationTest.closeApp(RegistrationTest.java:42)
at com.facebook.registrationTests.RegistrationTest.closeApp(RegistrationTest.java:42)
at com.facebook.registrationTests.RegistrationTest.closeApp(RegistrationTest.java:42)
at com.facebook.registrationTests.RegistrationTest.closeApp(RegistrationTest.java:42)
at com.facebook.registrationTests.RegistrationTest.closeApp(RegistrationTest.java:42)
at com.facebook.registrationTests.RegistrationTest.closeApp(RegistrationTest.java:42)
at com.facebook.registrationTests.RegistrationTest.closeApp(RegistrationTest.java:42)
at com.facebook.registrationTests.RegistrationTest.closeApp(RegistrationTest.java:42)
at com.facebook.registrationTests.RegistrationTest.closeApp(RegistrationTest.java:42)
at com.facebook.registrationTests.RegistrationTest.closeApp(RegistrationTest.java:42)
at com.facebook.registrationTests.RegistrationTest.closeApp(RegistrationTest.java:42)
at com.facebook.registrationTests.RegistrationTest.closeApp(RegistrationTest.java:42)
at com.facebook.registrationTests.RegistrationTest.closeApp(RegistrationTest.java:42)
at com.facebook.registrationTests.RegistrationTest.closeApp(RegistrationTest.java:42)
at com.facebook.registrationTests.RegistrationTest.closeApp(RegistrationTest.java:42)
at com.facebook.registrationTests.RegistrationTest.closeApp(RegistrationTest.java:42)
at com.facebook.registrationTests.RegistrationTest.closeApp(RegistrationTest.java:42)
at com.facebook.registrationTests.RegistrationTest.closeApp(RegistrationTest.java:42)
at com.facebook.registrationTests.RegistrationTest.closeApp(RegistrationTest.java:42)
at com.facebook.registrationTests.RegistrationTest.closeApp(RegistrationTest.java:42)
at com.facebook.registrationTests.RegistrationTest.closeApp(RegistrationTest.java:42)
at com.facebook.registrationTests.RegistrationTest.closeApp(RegistrationTest.java:42)
at com.facebook.registrationTests.RegistrationTest.closeApp(RegistrationTest.java:42)
at com.facebook.registrationTests.RegistrationTest.closeApp(RegistrationTest.java:42)
at com.facebook.registrationTests.RegistrationTest.closeApp(RegistrationTest.java:42)
at com.facebook.registrationTests.RegistrationTest.closeApp(RegistrationTest.java:42)
at com.facebook.registrationTests.RegistrationTest.closeApp(RegistrationTest.java:42)
at com.facebook.registrationTests.RegistrationTest.closeApp(RegistrationTest.java:42)
at com.facebook.registrationTests.RegistrationTest.closeApp(RegistrationTest.java:42)
at com.facebook.registrationTests.RegistrationTest.closeApp(RegistrationTest.java:42)
at com.facebook.registrationTests.RegistrationTest.closeApp(RegistrationTest.java:42)
at com.facebook.registrationTests.RegistrationTest.closeApp(RegistrationTest.java:42)
at com.facebook.registrationTests.RegistrationTest.closeApp(RegistrationTest.java:42)
at com.facebook.registrationTests.RegistrationTest.closeApp(RegistrationTest.java:42)
at com.facebook.registrationTests.RegistrationTest.closeApp(RegistrationTest.java:42)
at com.facebook.registrationTests.RegistrationTest.closeApp(RegistrationTest.java:42)
at com.facebook.registrationTests.RegistrationTest.closeApp(RegistrationTest.java:42)
at com.facebook.registrationTests.RegistrationTest.closeApp(RegistrationTest.java:42)
at com.facebook.registrationTests.RegistrationTest.closeApp(RegistrationTest.java:42)
at com.facebook.registrationTests.RegistrationTest.closeApp(RegistrationTest.java:42)
at com.facebook.registrationTests.RegistrationTest.closeApp(RegistrationTest.java:42)
at com.facebook.registrationTests.RegistrationTest.closeApp(RegistrationTest.java:42)
at com.facebook.registrationTests.RegistrationTest.closeApp(RegistrationTest.java:42)
at com.facebook.registrationTests.RegistrationTest.closeApp(RegistrationTest.java:42)
at com.facebook.registrationTests.RegistrationTest.closeApp(RegistrationTest.java:42)
at com.facebook.registrationTests.RegistrationTest.closeApp(RegistrationTest.java:42)
at com.facebook.registrationTests.RegistrationTest.closeApp(RegistrationTest.java:42)
at com.facebook.registrationTests.RegistrationTest.closeApp(RegistrationTest.java:42)
at com.facebook.registrationTests.RegistrationTest.closeApp(RegistrationTest.java:42)
at com.facebook.registrationTests.RegistrationTest.closeApp(RegistrationTest.java:42)
at com.facebook.registrationTests.RegistrationTest.closeApp(RegistrationTest.java:42)
at com.facebook.registrationTests.RegistrationTest.closeApp(RegistrationTest.java:42)
at com.facebook.registrationTests.RegistrationTest.closeApp(RegistrationTest.java:42)
at com.facebook.registrationTests.RegistrationTest.closeApp(RegistrationTest.java:42)
at com.facebook.registrationTests.RegistrationTest.closeApp(RegistrationTest.java:42)
at com.facebook.registrationTests.RegistrationTest.closeApp(RegistrationTest.java:42)
at com.facebook.registrationTests.RegistrationTest.closeApp(RegistrationTest.java:42)
at com.facebook.registrationTests.RegistrationTest.closeApp(RegistrationTest.java:42)
at com.facebook.registrationTests.RegistrationTest.closeApp(RegistrationTest.java:42)
at com.facebook.registrationTests.RegistrationTest.closeApp(RegistrationTest.java:42)
at com.facebook.registrationTests.RegistrationTest.closeApp(RegistrationTest.java:42)
at com.facebook.registrationTests.RegistrationTest.closeApp(RegistrationTest.java:42)
at com.facebook.registrationTests.RegistrationTest.closeApp(RegistrationTest.java:42)
at com.facebook.registrationTests.RegistrationTest.closeApp(RegistrationTest.java:42)
at com.facebook.registrationTests.RegistrationTest.closeApp(RegistrationTest.java:42)
at com.facebook.registrationTests.RegistrationTest.closeApp(RegistrationTest.java:42)
at com.facebook.registrationTests.RegistrationTest.closeApp(RegistrationTest.java:42)
at com.facebook.registrationTests.RegistrationTest.closeApp(RegistrationTest.java:42)
at com.facebook.registrationTests.RegistrationTest.closeApp(RegistrationTest.java:42)
at com.facebook.registrationTests.RegistrationTest.closeApp(RegistrationTest.java:42)
at com.facebook.registrationTests.RegistrationTest.closeApp(RegistrationTest.java:42)
at com.facebook.registrationTests.RegistrationTest.closeApp(RegistrationTest.java:42)
at com.facebook.registrationTests.RegistrationTest.closeApp(RegistrationTest.java:42)
at com.facebook.registrationTests.RegistrationTest.closeApp(RegistrationTest.java:42)
at com.facebook.registrationTests.RegistrationTest.closeApp(RegistrationTest.java:42)
at com.facebook.registrationTests.RegistrationTest.closeApp(RegistrationTest.java:42)
at com.facebook.registrationTests.RegistrationTest.closeApp(RegistrationTest.java:42)
at com.facebook.registrationTests.RegistrationTest.closeApp(RegistrationTest.java:42)
at com.facebook.registrationTests.RegistrationTest.closeApp(RegistrationTest.java:42)
at com.facebook.registrationTests.RegistrationTest.closeApp(RegistrationTest.java:42)
at com.facebook.registrationTests.RegistrationTest.closeApp(RegistrationTest.java:42)
at com.facebook.registrationTests.RegistrationTest.closeApp(RegistrationTest.java:42)
at com.facebook.registrationTests.RegistrationTest.closeApp(RegistrationTest.java:42)
at com.facebook.registrationTests.RegistrationTest.closeApp(RegistrationTest.java:42)
at com.facebook.registrationTests.RegistrationTest.closeApp(RegistrationTest.java:42)
at com.facebook.registrationTests.RegistrationTest.closeApp(RegistrationTest.java:42)
at com.facebook.registrationTests.RegistrationTest.closeApp(RegistrationTest.java:42)
at com.facebook.registrationTests.RegistrationTest.closeApp(RegistrationTest.java:42)
at com.facebook.registrationTests.RegistrationTest.closeApp(RegistrationTest.java:42)
at com.facebook.registrationTests.RegistrationTest.closeApp(RegistrationTest.java:42)
at com.facebook.registrationTests.RegistrationTest.closeApp(RegistrationTest.java:42)
at com.facebook.registrationTests.RegistrationTest.closeApp(RegistrationTest.java:42)
at com.facebook.registrationTests.RegistrationTest.closeApp(RegistrationTest.java:42)
at com.facebook.registrationTests.RegistrationTest.closeApp(RegistrationTest.java:42)
at com.facebook.registrationTests.RegistrationTest.closeApp(RegistrationTest.java:42)
at com.facebook.registrationTests.RegistrationTest.closeApp(RegistrationTest.java:42)
at com.facebook.registrationTests.RegistrationTest.closeApp(RegistrationTest.java:42)
at com.facebook.registrationTests.RegistrationTest.closeApp(RegistrationTest.java:42)
at com.facebook.registrationTests.RegistrationTest.closeApp(RegistrationTest.java:42)
at com.facebook.registrationTests.RegistrationTest.closeApp(RegistrationTest.java:42)
at com.facebook.registrationTests.RegistrationTest.closeApp(RegistrationTest.java:42)
at com.facebook.registrationTests.RegistrationTest.closeApp(RegistrationTest.java:42)
at com.facebook.registrationTests.RegistrationTest.closeApp(RegistrationTest.java:42)
at com.facebook.registrationTests.RegistrationTest.closeApp(RegistrationTest.java:42)
at com.facebook.registrationTests.RegistrationTest.closeApp(RegistrationTest.java:42)
at com.facebook.registrationTests.RegistrationTest.closeApp(RegistrationTest.java:42)
at com.facebook.registrationTests.RegistrationTest.closeApp(RegistrationTest.java:42)
at com.facebook.registrationTests.RegistrationTest.closeApp(RegistrationTest.java:42)
at com.facebook.registrationTests.RegistrationTest.closeApp(RegistrationTest.java:42)
at com.facebook.registrationTests.RegistrationTest.closeApp(RegistrationTest.java:42)
at com.facebook.registrationTests.RegistrationTest.closeApp(RegistrationTest.java:42)
at com.facebook.registrationTests.RegistrationTest.closeApp(RegistrationTest.java:42)
at com.facebook.registrationTests.RegistrationTest.closeApp(RegistrationTest.java:42)
at com.facebook.registrationTests.RegistrationTest.closeApp(RegistrationTest.java:42)
at com.facebook.registrationTests.RegistrationTest.closeApp(RegistrationTest.java:42)
at com.facebook.registrationTests.RegistrationTest.closeApp(RegistrationTest.java:42)
at com.facebook.registrationTests.RegistrationTest.closeApp(RegistrationTest.java:42)
at com.facebook.registrationTests.RegistrationTest.closeApp(RegistrationTest.java:42)
at com.facebook.registrationTests.RegistrationTest.closeApp(RegistrationTest.java:42)
at com.facebook.registrationTests.RegistrationTest.closeApp(RegistrationTest.java:42)
at com.facebook.registrationTests.RegistrationTest.closeApp(RegistrationTest.java:42)
at com.facebook.registrationTests.RegistrationTest.closeApp(RegistrationTest.java:42)
at com.facebook.registrationTests.RegistrationTest.closeApp(RegistrationTest.java:42)
at com.facebook.registrationTests.RegistrationTest.closeApp(RegistrationTest.java:42)
at com.facebook.registrationTests.RegistrationTest.closeApp(RegistrationTest.java:42)
at com.facebook.registrationTests.RegistrationTest.closeApp(RegistrationTest.java:42)
at com.facebook.registrationTests.RegistrationTest.closeApp(RegistrationTest.java:42)
at com.facebook.registrationTests.RegistrationTest.closeApp(RegistrationTest.java:42)
at com.facebook.registrationTests.RegistrationTest.closeApp(RegistrationTest.java:42)
at com.facebook.registrationTests.RegistrationTest.closeApp(RegistrationTest.java:42)
at com.facebook.registrationTests.RegistrationTest.closeApp(RegistrationTest.java:42)
at com.facebook.registrationTests.RegistrationTest.closeApp(RegistrationTest.java:42)
at com.facebook.registrationTests.RegistrationTest.closeApp(RegistrationTest.java:42)
at com.facebook.registrationTests.RegistrationTest.closeApp(RegistrationTest.java:42)
at com.facebook.registrationTests.RegistrationTest.closeApp(RegistrationTest.java:42)
at com.facebook.registrationTests.RegistrationTest.closeApp(RegistrationTest.java:42)
at com.facebook.registrationTests.RegistrationTest.closeApp(RegistrationTest.java:42)
at com.facebook.registrationTests.RegistrationTest.closeApp(RegistrationTest.java:42)
at com.facebook.registrationTests.RegistrationTest.closeApp(RegistrationTest.java:42)
at com.facebook.registrationTests.RegistrationTest.closeApp(RegistrationTest.java:42)
at com.facebook.registrationTests.RegistrationTest.closeApp(RegistrationTest.java:42)
at com.facebook.registrationTests.RegistrationTest.closeApp(RegistrationTest.java:42)
at com.facebook.registrationTests.RegistrationTest.closeApp(RegistrationTest.java:42)
at com.facebook.registrationTests.RegistrationTest.closeApp(RegistrationTest.java:42)
at com.facebook.registrationTests.RegistrationTest.closeApp(RegistrationTest.java:42)
at com.facebook.registrationTests.RegistrationTest.closeApp(RegistrationTest.java:42)
at com.facebook.registrationTests.RegistrationTest.closeApp(RegistrationTest.java:42)
at com.facebook.registrationTests.RegistrationTest.closeApp(RegistrationTest.java:42)
at com.facebook.registrationTests.RegistrationTest.closeApp(RegistrationTest.java:42)
at com.facebook.registrationTests.RegistrationTest.closeApp(RegistrationTest.java:42)
at com.facebook.registrationTests.RegistrationTest.closeApp(RegistrationTest.java:42)
at com.facebook.registrationTests.RegistrationTest.closeApp(RegistrationTest.java:42)
at com.facebook.registrationTests.RegistrationTest.closeApp(RegistrationTest.java:42)
at com.facebook.registrationTests.RegistrationTest.closeApp(RegistrationTest.java:42)
at com.facebook.registrationTests.RegistrationTest.closeApp(RegistrationTest.java:42)
at com.facebook.registrationTests.RegistrationTest.closeApp(RegistrationTest.java:42)
at com.facebook.registrationTests.RegistrationTest.closeApp(RegistrationTest.java:42)
at com.facebook.registrationTests.RegistrationTest.closeApp(RegistrationTest.java:42)
at com.facebook.registrationTests.RegistrationTest.closeApp(RegistrationTest.java:42)
at com.facebook.registrationTests.RegistrationTest.closeApp(RegistrationTest.java:42)
at com.facebook.registrationTests.RegistrationTest.closeApp(RegistrationTest.java:42)
at com.facebook.registrationTests.RegistrationTest.closeApp(RegistrationTest.java:42)
at com.facebook.registrationTests.RegistrationTest.closeApp(RegistrationTest.java:42)
at com.facebook.registrationTests.RegistrationTest.closeApp(RegistrationTest.java:42)
at com.facebook.registrationTests.RegistrationTest.closeApp(RegistrationTest.java:42)
at com.facebook.registrationTests.RegistrationTest.closeApp(RegistrationTest.java:42)
at com.facebook.registrationTests.RegistrationTest.closeApp(RegistrationTest.java:42)
at com.facebook.registrationTests.RegistrationTest.closeApp(RegistrationTest.java:42)
at com.facebook.registrationTests.RegistrationTest.closeApp(RegistrationTest.java:42)
at com.facebook.registrationTests.RegistrationTest.closeApp(RegistrationTest.java:42)
at com.facebook.registrationTests.RegistrationTest.closeApp(RegistrationTest.java:42)
at com.facebook.registrationTests.RegistrationTest.closeApp(RegistrationTest.java:42)
at com.facebook.registrationTests.RegistrationTest.closeApp(RegistrationTest.java:42)
at com.facebook.registrationTests.RegistrationTest.closeApp(RegistrationTest.java:42)
at com.facebook.registrationTests.RegistrationTest.closeApp(RegistrationTest.java:42)
at com.facebook.registrationTests.RegistrationTest.closeApp(RegistrationTest.java:42)
at com.facebook.registrationTests.RegistrationTest.closeApp(RegistrationTest.java:42)
at com.facebook.registrationTests.RegistrationTest.closeApp(RegistrationTest.java:42)
at com.facebook.registrationTests.RegistrationTest.closeApp(RegistrationTest.java:42)
at com.facebook.registrationTests.RegistrationTest.closeApp(RegistrationTest.java:42)
at com.facebook.registrationTests.RegistrationTest.closeApp(RegistrationTest.java:42)
at com.facebook.registrationTests.RegistrationTest.closeApp(RegistrationTest.java:42)
at com.facebook.registrationTests.RegistrationTest.closeApp(RegistrationTest.java:42)
at com.facebook.registrationTests.RegistrationTest.closeApp(RegistrationTest.java:42)
at com.facebook.registrationTests.RegistrationTest.closeApp(RegistrationTest.java:42)
at com.facebook.registrationTests.RegistrationTest.closeApp(RegistrationTest.java:42)
at com.facebook.registrationTests.RegistrationTest.closeApp(RegistrationTest.java:42)
at com.facebook.registrationTests.RegistrationTest.closeApp(RegistrationTest.java:42)
at com.facebook.registrationTests.RegistrationTest.closeApp(RegistrationTest.java:42)
at com.facebook.registrationTests.RegistrationTest.closeApp(RegistrationTest.java:42)
at com.facebook.registrationTests.RegistrationTest.closeApp(RegistrationTest.java:42)
at com.facebook.registrationTests.RegistrationTest.closeApp(RegistrationTest.java:42)
at com.facebook.registrationTests.RegistrationTest.closeApp(RegistrationTest.java:42)
at com.facebook.registrationTests.RegistrationTest.closeApp(RegistrationTest.java:42)
at com.facebook.registrationTests.RegistrationTest.closeApp(RegistrationTest.java:42)
at com.facebook.registrationTests.RegistrationTest.closeApp(RegistrationTest.java:42)
at com.facebook.registrationTests.RegistrationTest.closeApp(RegistrationTest.java:42)
at com.facebook.registrationTests.RegistrationTest.closeApp(RegistrationTest.java:42)
at com.facebook.registrationTests.RegistrationTest.closeApp(RegistrationTest.java:42)
at com.facebook.registrationTests.RegistrationTest.closeApp(RegistrationTest.java:42)
at com.facebook.registrationTests.RegistrationTest.closeApp(RegistrationTest.java:42)
at com.facebook.registrationTests.RegistrationTest.closeApp(RegistrationTest.java:42)
at com.facebook.registrationTests.RegistrationTest.closeApp(RegistrationTest.java:42)
at com.facebook.registrationTests.RegistrationTest.closeApp(RegistrationTest.java:42)
at com.facebook.registrationTests.RegistrationTest.closeApp(RegistrationTest.java:42)
at com.facebook.registrationTests.RegistrationTest.closeApp(RegistrationTest.java:42)
at com.facebook.registrationTests.RegistrationTest.closeApp(RegistrationTest.java:42)
at com.facebook.registrationTests.RegistrationTest.closeApp(RegistrationTest.java:42)
at com.facebook.registrationTests.RegistrationTest.closeApp(RegistrationTest.java:42)
at com.facebook.registrationTests.RegistrationTest.closeApp(RegistrationTest.java:42)
at com.facebook.registrationTests.RegistrationTest.closeApp(RegistrationTest.java:42)
at com.facebook.registrationTests.RegistrationTest.closeApp(RegistrationTest.java:42)
at com.facebook.registrationTests.RegistrationTest.closeApp(RegistrationTest.java:42)
at com.facebook.registrationTests.RegistrationTest.closeApp(RegistrationTest.java:42)
at com.facebook.registrationTests.RegistrationTest.closeApp(RegistrationTest.java:42)
at com.facebook.registrationTests.RegistrationTest.closeApp(RegistrationTest.java:42)
at com.facebook.registrationTests.RegistrationTest.closeApp(RegistrationTest.java:42)
at com.facebook.registrationTests.RegistrationTest.closeApp(RegistrationTest.java:42)
at com.facebook.registrationTests.RegistrationTest.closeApp(RegistrationTest.java:42)
at com.facebook.registrationTests.RegistrationTest.closeApp(RegistrationTest.java:42)
at com.facebook.registrationTests.RegistrationTest.closeApp(RegistrationTest.java:42)
at com.facebook.registrationTests.RegistrationTest.closeApp(RegistrationTest.java:42)
at com.facebook.registrationTests.RegistrationTest.closeApp(RegistrationTest.java:42)
at com.facebook.registrationTests.RegistrationTest.closeApp(RegistrationTest.java:42)
at com.facebook.registrationTests.RegistrationTest.closeApp(RegistrationTest.java:42)
at com.facebook.registrationTests.RegistrationTest.closeApp(RegistrationTest.java:42)
at com.facebook.registrationTests.RegistrationTest.closeApp(RegistrationTest.java:42)
at com.facebook.registrationTests.RegistrationTest.closeApp(RegistrationTest.java:42)
at com.facebook.registrationTests.RegistrationTest.closeApp(RegistrationTest.java:42)
at com.facebook.registrationTests.RegistrationTest.closeApp(RegistrationTest.java:42)
at com.facebook.registrationTests.RegistrationTest.closeApp(RegistrationTest.java:42)
at com.facebook.registrationTests.RegistrationTest.closeApp(RegistrationTest.java:42)
at com.facebook.registrationTests.RegistrationTest.closeApp(RegistrationTest.java:42)
at com.facebook.registrationTests.RegistrationTest.closeApp(RegistrationTest.java:42)
at com.facebook.registrationTests.RegistrationTest.closeApp(RegistrationTest.java:42)
at com.facebook.registrationTests.RegistrationTest.closeApp(RegistrationTest.java:42)
at com.facebook.registrationTests.RegistrationTest.closeApp(RegistrationTest.java:42)
at com.facebook.registrationTests.RegistrationTest.closeApp(RegistrationTest.java:42)
at com.facebook.registrationTests.RegistrationTest.closeApp(RegistrationTest.java:42)
at com.facebook.registrationTests.RegistrationTest.closeApp(RegistrationTest.java:42)
at com.facebook.registrationTests.RegistrationTest.closeApp(RegistrationTest.java:42)
at com.facebook.registrationTests.RegistrationTest.closeApp(RegistrationTest.java:42)
at com.facebook.registrationTests.RegistrationTest.closeApp(RegistrationTest.java:42)
at com.facebook.registrationTests.RegistrationTest.closeApp(RegistrationTest.java:42)
at com.facebook.registrationTests.RegistrationTest.closeApp(RegistrationTest.java:42)
at com.facebook.registrationTests.RegistrationTest.closeApp(RegistrationTest.java:42)
at com.facebook.registrationTests.RegistrationTest.closeApp(RegistrationTest.java:42)
at com.facebook.registrationTests.RegistrationTest.closeApp(RegistrationTest.java:42)
at com.facebook.registrationTests.RegistrationTest.closeApp(RegistrationTest.java:42)
at com.facebook.registrationTests.RegistrationTest.closeApp(RegistrationTest.java:42)
at com.facebook.registrationTests.RegistrationTest.closeApp(RegistrationTest.java:42)
at com.facebook.registrationTests.RegistrationTest.closeApp(RegistrationTest.java:42)
at com.facebook.registrationTests.RegistrationTest.closeApp(RegistrationTest.java:42)
at com.facebook.registrationTests.RegistrationTest.closeApp(RegistrationTest.java:42)
at com.facebook.registrationTests.RegistrationTest.closeApp(RegistrationTest.java:42)
at com.facebook.registrationTests.RegistrationTest.closeApp(RegistrationTest.java:42)
at com.facebook.registrationTests.RegistrationTest.closeApp(RegistrationTest.java:42)
at com.facebook.registrationTests.RegistrationTest.closeApp(RegistrationTest.java:42)
at com.facebook.registrationTests.RegistrationTest.closeApp(RegistrationTest.java:42)
at com.facebook.registrationTests.RegistrationTest.closeApp(RegistrationTest.java:42)
at com.facebook.registrationTests.RegistrationTest.closeApp(RegistrationTest.java:42)
at com.facebook.registrationTests.RegistrationTest.closeApp(RegistrationTest.java:42)
at com.facebook.registrationTests.RegistrationTest.closeApp(RegistrationTest.java:42)
at com.facebook.registrationTests.RegistrationTest.closeApp(RegistrationTest.java:42)
at com.facebook.registrationTests.RegistrationTest.closeApp(RegistrationTest.java:42)
at com.facebook.registrationTests.RegistrationTest.closeApp(RegistrationTest.java:42)
at com.facebook.registrationTests.RegistrationTest.closeApp(RegistrationTest.java:42)
at com.facebook.registrationTests.RegistrationTest.closeApp(RegistrationTest.java:42)
at com.facebook.registrationTests.RegistrationTest.closeApp(RegistrationTest.java:42)
at com.facebook.registrationTests.RegistrationTest.closeApp(RegistrationTest.java:42)
at com.facebook.registrationTests.RegistrationTest.closeApp(RegistrationTest.java:42)
at com.facebook.registrationTests.RegistrationTest.closeApp(RegistrationTest.java:42)
at com.facebook.registrationTests.RegistrationTest.closeApp(RegistrationTest.java:42)
at com.facebook.registrationTests.RegistrationTest.closeApp(RegistrationTest.java:42)
at com.facebook.registrationTests.RegistrationTest.closeApp(RegistrationTest.java:42)
at com.facebook.registrationTests.RegistrationTest.closeApp(RegistrationTest.java:42)
at com.facebook.registrationTests.RegistrationTest.closeApp(RegistrationTest.java:42)
at com.facebook.registrationTests.RegistrationTest.closeApp(RegistrationTest.java:42)
at com.facebook.registrationTests.RegistrationTest.closeApp(RegistrationTest.java:42)
at com.facebook.registrationTests.RegistrationTest.closeApp(RegistrationTest.java:42)
at com.facebook.registrationTests.RegistrationTest.closeApp(RegistrationTest.java:42)
at com.facebook.registrationTests.RegistrationTest.closeApp(RegistrationTest.java:42)
at com.facebook.registrationTests.RegistrationTest.closeApp(RegistrationTest.java:42)
at com.facebook.registrationTests.RegistrationTest.closeApp(RegistrationTest.java:42)
at com.facebook.registrationTests.RegistrationTest.closeApp(RegistrationTest.java:42)
at com.facebook.registrationTests.RegistrationTest.closeApp(RegistrationTest.java:42)
at com.facebook.registrationTests.RegistrationTest.closeApp(RegistrationTest.java:42)
at com.facebook.registrationTests.RegistrationTest.closeApp(RegistrationTest.java:42)
at com.facebook.registrationTests.RegistrationTest.closeApp(RegistrationTest.java:42)
at com.facebook.registrationTests.RegistrationTest.closeApp(RegistrationTest.java:42)
at com.facebook.registrationTests.RegistrationTest.closeApp(RegistrationTest.java:42)
at com.facebook.registrationTests.RegistrationTest.closeApp(RegistrationTest.java:42)
at com.facebook.registrationTests.RegistrationTest.closeApp(RegistrationTest.java:42)
at com.facebook.registrationTests.RegistrationTest.closeApp(RegistrationTest.java:42)
at com.facebook.registrationTests.RegistrationTest.closeApp(RegistrationTest.java:42)
at com.facebook.registrationTests.RegistrationTest.closeApp(RegistrationTest.java:42)
at com.facebook.registrationTests.RegistrationTest.closeApp(RegistrationTest.java:42)
at com.facebook.registrationTests.RegistrationTest.closeApp(RegistrationTest.java:42)
at com.facebook.registrationTests.RegistrationTest.closeApp(RegistrationTest.java:42)
at com.facebook.registrationTests.RegistrationTest.closeApp(RegistrationTest.java:42)
at com.facebook.registrationTests.RegistrationTest.closeApp(RegistrationTest.java:42)
at com.facebook.registrationTests.RegistrationTest.closeApp(RegistrationTest.java:42)
at com.facebook.registrationTests.RegistrationTest.closeApp(RegistrationTest.java:42)
at com.facebook.registrationTests.RegistrationTest.closeApp(RegistrationTest.java:42)
at com.facebook.registrationTests.RegistrationTest.closeApp(RegistrationTest.java:42)
at com.facebook.registrationTests.RegistrationTest.closeApp(RegistrationTest.java:42)
at com.facebook.registrationTests.RegistrationTest.closeApp(RegistrationTest.java:42)
at com.facebook.registrationTests.RegistrationTest.closeApp(RegistrationTest.java:42)
at com.facebook.registrationTests.RegistrationTest.closeApp(RegistrationTest.java:42)
at com.facebook.registrationTests.RegistrationTest.closeApp(RegistrationTest.java:42)
at com.facebook.registrationTests.RegistrationTest.closeApp(RegistrationTest.java:42)
at com.facebook.registrationTests.RegistrationTest.closeApp(RegistrationTest.java:42)
at com.facebook.registrationTests.RegistrationTest.closeApp(RegistrationTest.java:42)
at com.facebook.registrationTests.RegistrationTest.closeApp(RegistrationTest.java:42)
at com.facebook.registrationTests.RegistrationTest.closeApp(RegistrationTest.java:42)
at com.facebook.registrationTests.RegistrationTest.closeApp(RegistrationTest.java:42)
at com.facebook.registrationTests.RegistrationTest.closeApp(RegistrationTest.java:42)
at com.facebook.registrationTests.RegistrationTest.closeApp(RegistrationTest.java:42)
at com.facebook.registrationTests.RegistrationTest.closeApp(RegistrationTest.java:42)
at com.facebook.registrationTests.RegistrationTest.closeApp(RegistrationTest.java:42)
at com.facebook.registrationTests.RegistrationTest.closeApp(RegistrationTest.java:42)
at com.facebook.registrationTests.RegistrationTest.closeApp(RegistrationTest.java:42)
at com.facebook.registrationTests.RegistrationTest.closeApp(RegistrationTest.java:42)
at com.facebook.registrationTests.RegistrationTest.closeApp(RegistrationTest.java:42)
at com.facebook.registrationTests.RegistrationTest.closeApp(RegistrationTest.java:42)
at com.facebook.registrationTests.RegistrationTest.closeApp(RegistrationTest.java:42)
at com.facebook.registrationTests.RegistrationTest.closeApp(RegistrationTest.java:42)
at com.facebook.registrationTests.RegistrationTest.closeApp(RegistrationTest.java:42)
at com.facebook.registrationTests.RegistrationTest.closeApp(RegistrationTest.java:42)
at com.facebook.registrationTests.RegistrationTest.closeApp(RegistrationTest.java:42)
at com.facebook.registrationTests.RegistrationTest.closeApp(RegistrationTest.java:42)
at com.facebook.registrationTests.RegistrationTest.closeApp(RegistrationTest.java:42)
at com.facebook.registrationTests.RegistrationTest.closeApp(RegistrationTest.java:42)
at com.facebook.registrationTests.RegistrationTest.closeApp(RegistrationTest.java:42)
at com.facebook.registrationTests.RegistrationTest.closeApp(RegistrationTest.java:42)
at com.facebook.registrationTests.RegistrationTest.closeApp(RegistrationTest.java:42)
at com.facebook.registrationTests.RegistrationTest.closeApp(RegistrationTest.java:42)
at com.facebook.registrationTests.RegistrationTest.closeApp(RegistrationTest.java:42)
at com.facebook.registrationTests.RegistrationTest.closeApp(RegistrationTest.java:42)
at com.facebook.registrationTests.RegistrationTest.closeApp(RegistrationTest.java:42)
at com.facebook.registrationTests.RegistrationTest.closeApp(RegistrationTest.java:42)
at com.facebook.registrationTests.RegistrationTest.closeApp(RegistrationTest.java:42)
at com.facebook.registrationTests.RegistrationTest.closeApp(RegistrationTest.java:42)
at com.facebook.registrationTests.RegistrationTest.closeApp(RegistrationTest.java:42)
at com.facebook.registrationTests.RegistrationTest.closeApp(RegistrationTest.java:42)
at com.facebook.registrationTests.RegistrationTest.closeApp(RegistrationTest.java:42)
at com.facebook.registrationTests.RegistrationTest.closeApp(RegistrationTest.java:42)
at com.facebook.registrationTests.RegistrationTest.closeApp(RegistrationTest.java:42)
at com.facebook.registrationTests.RegistrationTest.closeApp(RegistrationTest.java:42)
at com.facebook.registrationTests.RegistrationTest.closeApp(RegistrationTest.java:42)
at com.facebook.registrationTests.RegistrationTest.closeApp(RegistrationTest.java:42)
at com.facebook.registrationTests.RegistrationTest.closeApp(RegistrationTest.java:42)
at com.facebook.registrationTests.RegistrationTest.closeApp(RegistrationTest.java:42)
at com.facebook.registrationTests.RegistrationTest.closeApp(RegistrationTest.java:42)
at com.facebook.registrationTests.RegistrationTest.closeApp(RegistrationTest.java:42)
at com.facebook.registrationTests.RegistrationTest.closeApp(RegistrationTest.java:42)
at com.facebook.registrationTests.RegistrationTest.closeApp(RegistrationTest.java:42)
at com.facebook.registrationTests.RegistrationTest.closeApp(RegistrationTest.java:42)
at com.facebook.registrationTests.RegistrationTest.closeApp(RegistrationTest.java:42)
at com.facebook.registrationTests.RegistrationTest.closeApp(RegistrationTest.java:42)
at com.facebook.registrationTests.RegistrationTest.closeApp(RegistrationTest.java:42)
at com.facebook.registrationTests.RegistrationTest.closeApp(RegistrationTest.java:42)
at com.facebook.registrationTests.RegistrationTest.closeApp(RegistrationTest.java:42)
at com.facebook.registrationTests.RegistrationTest.closeApp(RegistrationTest.java:42)
at com.facebook.registrationTests.RegistrationTest.closeApp(RegistrationTest.java:42)
at com.facebook.registrationTests.RegistrationTest.closeApp(RegistrationTest.java:42)
at com.facebook.registrationTests.RegistrationTest.closeApp(RegistrationTest.java:42)
at com.facebook.registrationTests.RegistrationTest.closeApp(RegistrationTest.java:42)
at com.facebook.registrationTests.RegistrationTest.closeApp(RegistrationTest.java:42)
at com.facebook.registrationTests.RegistrationTest.closeApp(RegistrationTest.java:42)
at com.facebook.registrationTests.RegistrationTest.closeApp(RegistrationTest.java:42)
at com.facebook.registrationTests.RegistrationTest.closeApp(RegistrationTest.java:42)
at com.facebook.registrationTests.RegistrationTest.closeApp(RegistrationTest.java:42)
at com.facebook.registrationTests.RegistrationTest.closeApp(RegistrationTest.java:42)
at com.facebook.registrationTests.RegistrationTest.closeApp(RegistrationTest.java:42)
at com.facebook.registrationTests.RegistrationTest.closeApp(RegistrationTest.java:42)
at com.facebook.registrationTests.RegistrationTest.closeApp(RegistrationTest.java:42)
at com.facebook.registrationTests.RegistrationTest.closeApp(RegistrationTest.java:42)
at com.facebook.registrationTests.RegistrationTest.closeApp(RegistrationTest.java:42)
at com.facebook.registrationTests.RegistrationTest.closeApp(RegistrationTest.java:42)
at com.facebook.registrationTests.RegistrationTest.closeApp(RegistrationTest.java:42)
at com.facebook.registrationTests.RegistrationTest.closeApp(RegistrationTest.java:42)
at com.facebook.registrationTests.RegistrationTest.closeApp(RegistrationTest.java:42)
at com.facebook.registrationTests.RegistrationTest.closeApp(RegistrationTest.java:42)
at com.facebook.registrationTests.RegistrationTest.closeApp(RegistrationTest.java:42)
at com.facebook.registrationTests.RegistrationTest.closeApp(RegistrationTest.java:42)
at com.facebook.registrationTests.RegistrationTest.closeApp(RegistrationTest.java:42)
at com.facebook.registrationTests.RegistrationTest.closeApp(RegistrationTest.java:42)
at com.facebook.registrationTests.RegistrationTest.closeApp(RegistrationTest.java:42)
at com.facebook.registrationTests.RegistrationTest.closeApp(RegistrationTest.java:42)
at com.facebook.registrationTests.RegistrationTest.closeApp(RegistrationTest.java:42)
at com.facebook.registrationTests.RegistrationTest.closeApp(RegistrationTest.java:42)
at com.facebook.registrationTests.RegistrationTest.closeApp(RegistrationTest.java:42)
at com.facebook.registrationTests.RegistrationTest.closeApp(RegistrationTest.java:42)
at com.facebook.registrationTests.RegistrationTest.closeApp(RegistrationTest.java:42)
at com.facebook.registrationTests.RegistrationTest.closeApp(RegistrationTest.java:42)
at com.facebook.registrationTests.RegistrationTest.closeApp(RegistrationTest.java:42)
at com.facebook.registrationTests.RegistrationTest.closeApp(RegistrationTest.java:42)
at com.facebook.registrationTests.RegistrationTest.closeApp(RegistrationTest.java:42)
at com.facebook.registrationTests.RegistrationTest.closeApp(RegistrationTest.java:42)
at com.facebook.registrationTests.RegistrationTest.closeApp(RegistrationTest.java:42)
at com.facebook.registrationTests.RegistrationTest.closeApp(RegistrationTest.java:42)
at com.facebook.registrationTests.RegistrationTest.closeApp(RegistrationTest.java:42)
at com.facebook.registrationTests.RegistrationTest.closeApp(RegistrationTest.java:42)
at com.facebook.registrationTests.RegistrationTest.closeApp(RegistrationTest.java:42)
at com.facebook.registrationTests.RegistrationTest.closeApp(RegistrationTest.java:42)
at com.facebook.registrationTests.RegistrationTest.closeApp(RegistrationTest.java:42)
at com.facebook.registrationTests.RegistrationTest.closeApp(RegistrationTest.java:42)
at com.facebook.registrationTests.RegistrationTest.closeApp(RegistrationTest.java:42)
at com.facebook.registrationTests.RegistrationTest.closeApp(RegistrationTest.java:42)
at com.facebook.registrationTests.RegistrationTest.closeApp(RegistrationTest.java:42)
at com.facebook.registrationTests.RegistrationTest.closeApp(RegistrationTest.java:42)
at com.facebook.registrationTests.RegistrationTest.closeApp(RegistrationTest.java:42)
at com.facebook.registrationTests.RegistrationTest.closeApp(RegistrationTest.java:42)
at com.facebook.registrationTests.RegistrationTest.closeApp(RegistrationTest.java:42)
at com.facebook.registrationTests.RegistrationTest.closeApp(RegistrationTest.java:42)
at com.facebook.registrationTests.RegistrationTest.closeApp(RegistrationTest.java:42)
at com.facebook.registrationTests.RegistrationTest.closeApp(RegistrationTest.java:42)
at com.facebook.registrationTests.RegistrationTest.closeApp(RegistrationTest.java:42)
at com.facebook.registrationTests.RegistrationTest.closeApp(RegistrationTest.java:42)
at com.facebook.registrationTests.RegistrationTest.closeApp(RegistrationTest.java:42)
at com.facebook.registrationTests.RegistrationTest.closeApp(RegistrationTest.java:42)
at com.facebook.registrationTests.RegistrationTest.closeApp(RegistrationTest.java:42)
at com.facebook.registrationTests.RegistrationTest.closeApp(RegistrationTest.java:42)
at com.facebook.registrationTests.RegistrationTest.closeApp(RegistrationTest.java:42)
at com.facebook.registrationTests.RegistrationTest.closeApp(RegistrationTest.java:42)
at com.facebook.registrationTests.RegistrationTest.closeApp(RegistrationTest.java:42)
at com.facebook.registrationTests.RegistrationTest.closeApp(RegistrationTest.java:42)
at com.facebook.registrationTests.RegistrationTest.closeApp(RegistrationTest.java:42)
at com.facebook.registrationTests.RegistrationTest.closeApp(RegistrationTest.java:42)
at com.facebook.registrationTests.RegistrationTest.closeApp(RegistrationTest.java:42)
at com.facebook.registrationTests.RegistrationTest.closeApp(RegistrationTest.java:42)
at com.facebook.registrationTests.RegistrationTest.closeApp(RegistrationTest.java:42)
at com.facebook.registrationTests.RegistrationTest.closeApp(RegistrationTest.java:42)
at com.facebook.registrationTests.RegistrationTest.closeApp(RegistrationTest.java:42)
at com.facebook.registrationTests.RegistrationTest.closeApp(RegistrationTest.java:42)
at com.facebook.registrationTests.RegistrationTest.closeApp(RegistrationTest.java:42)
at com.facebook.registrationTests.RegistrationTest.closeApp(RegistrationTest.java:42)
at com.facebook.registrationTests.RegistrationTest.closeApp(RegistrationTest.java:42)
at com.facebook.registrationTests.RegistrationTest.closeApp(RegistrationTest.java:42)
at com.facebook.registrationTests.RegistrationTest.closeApp(RegistrationTest.java:42)
at com.facebook.registrationTests.RegistrationTest.closeApp(RegistrationTest.java:42)
at com.facebook.registrationTests.RegistrationTest.closeApp(RegistrationTest.java:42)
at com.facebook.registrationTests.RegistrationTest.closeApp(RegistrationTest.java:42)
at com.facebook.registrationTests.RegistrationTest.closeApp(RegistrationTest.java:42)
at com.facebook.registrationTests.RegistrationTest.closeApp(RegistrationTest.java:42)
at com.facebook.registrationTests.RegistrationTest.closeApp(RegistrationTest.java:42)
at com.facebook.registrationTests.RegistrationTest.closeApp(RegistrationTest.java:42)
at com.facebook.registrationTests.RegistrationTest.closeApp(RegistrationTest.java:42)
at com.facebook.registrationTests.RegistrationTest.closeApp(RegistrationTest.java:42)
at com.facebook.registrationTests.RegistrationTest.closeApp(RegistrationTest.java:42)
at com.facebook.registrationTests.RegistrationTest.closeApp(RegistrationTest.java:42)
at com.facebook.registrationTests.RegistrationTest.closeApp(RegistrationTest.java:42)
at com.facebook.registrationTests.RegistrationTest.closeApp(RegistrationTest.java:42)
at com.facebook.registrationTests.RegistrationTest.closeApp(RegistrationTest.java:42)
at com.facebook.registrationTests.RegistrationTest.closeApp(RegistrationTest.java:42)
at com.facebook.registrationTests.RegistrationTest.closeApp(RegistrationTest.java:42)
at com.facebook.registrationTests.RegistrationTest.closeApp(RegistrationTest.java:42)
at com.facebook.registrationTests.RegistrationTest.closeApp(RegistrationTest.java:42)
at com.facebook.registrationTests.RegistrationTest.closeApp(RegistrationTest.java:42)
at com.facebook.registrationTests.RegistrationTest.closeApp(RegistrationTest.java:42)
at com.facebook.registrationTests.RegistrationTest.closeApp(RegistrationTest.java:42)
at com.facebook.registrationTests.RegistrationTest.closeApp(RegistrationTest.java:42)
at com.facebook.registrationTests.RegistrationTest.closeApp(RegistrationTest.java:42)
at com.facebook.registrationTests.RegistrationTest.closeApp(RegistrationTest.java:42)
at com.facebook.registrationTests.RegistrationTest.closeApp(RegistrationTest.java:42)
at com.facebook.registrationTests.RegistrationTest.closeApp(RegistrationTest.java:42)
at com.facebook.registrationTests.RegistrationTest.closeApp(RegistrationTest.java:42)
at com.facebook.registrationTests.RegistrationTest.closeApp(RegistrationTest.java:42)
at com.facebook.registrationTests.RegistrationTest.closeApp(RegistrationTest.java:42)
at com.facebook.registrationTests.RegistrationTest.closeApp(RegistrationTest.java:42)
at com.facebook.registrationTests.RegistrationTest.closeApp(RegistrationTest.java:42)
at com.facebook.registrationTests.RegistrationTest.closeApp(RegistrationTest.java:42)
at com.facebook.registrationTests.RegistrationTest.closeApp(RegistrationTest.java:42)
at com.facebook.registrationTests.RegistrationTest.closeApp(RegistrationTest.java:42)
at com.facebook.registrationTests.RegistrationTest.closeApp(RegistrationTest.java:42)
at com.facebook.registrationTests.RegistrationTest.closeApp(RegistrationTest.java:42)
at com.facebook.registrationTests.RegistrationTest.closeApp(RegistrationTest.java:42)
at com.facebook.registrationTests.RegistrationTest.closeApp(RegistrationTest.java:42)
at com.facebook.registrationTests.RegistrationTest.closeApp(RegistrationTest.java:42)
at com.facebook.registrationTests.RegistrationTest.closeApp(RegistrationTest.java:42)
at com.facebook.registrationTests.RegistrationTest.closeApp(RegistrationTest.java:42)
at com.facebook.registrationTests.RegistrationTest.closeApp(RegistrationTest.java:42)
at com.facebook.registrationTests.RegistrationTest.closeApp(RegistrationTest.java:42)
at com.facebook.registrationTests.RegistrationTest.closeApp(RegistrationTest.java:42)
at com.facebook.registrationTests.RegistrationTest.closeApp(RegistrationTest.java:42)
at com.facebook.registrationTests.RegistrationTest.closeApp(RegistrationTest.java:42)
at com.facebook.registrationTests.RegistrationTest.closeApp(RegistrationTest.java:42)
at com.facebook.registrationTests.RegistrationTest.closeApp(RegistrationTest.java:42)
at com.facebook.registrationTests.RegistrationTest.closeApp(RegistrationTest.java:42)
at com.facebook.registrationTests.RegistrationTest.closeApp(RegistrationTest.java:42)
at com.facebook.registrationTests.RegistrationTest.closeApp(RegistrationTest.java:42)
at com.facebook.registrationTests.RegistrationTest.closeApp(RegistrationTest.java:42)
at com.facebook.registrationTests.RegistrationTest.closeApp(RegistrationTest.java:42)
at com.facebook.registrationTests.RegistrationTest.closeApp(RegistrationTest.java:42)
at com.facebook.registrationTests.RegistrationTest.closeApp(RegistrationTest.java:42)
at com.facebook.registrationTests.RegistrationTest.closeApp(RegistrationTest.java:42)
at com.facebook.registrationTests.RegistrationTest.closeApp(RegistrationTest.java:42)
at com.facebook.registrationTests.RegistrationTest.closeApp(RegistrationTest.java:42)
at com.facebook.registrationTests.RegistrationTest.closeApp(RegistrationTest.java:42)
at com.facebook.registrationTests.RegistrationTest.closeApp(RegistrationTest.java:42)
at com.facebook.registrationTests.RegistrationTest.closeApp(RegistrationTest.java:42)
at com.facebook.registrationTests.RegistrationTest.closeApp(RegistrationTest.java:42)
at com.facebook.registrationTests.RegistrationTest.closeApp(RegistrationTest.java:42)
at com.facebook.registrationTests.RegistrationTest.closeApp(RegistrationTest.java:42)
at com.facebook.registrationTests.RegistrationTest.closeApp(RegistrationTest.java:42)
at com.facebook.registrationTests.RegistrationTest.closeApp(RegistrationTest.java:42)
at com.facebook.registrationTests.RegistrationTest.closeApp(RegistrationTest.java:42)
at com.facebook.registrationTests.RegistrationTest.closeApp(RegistrationTest.java:42)
at com.facebook.registrationTests.RegistrationTest.closeApp(RegistrationTest.java:42)
at com.facebook.registrationTests.RegistrationTest.closeApp(RegistrationTest.java:42)
at com.facebook.registrationTests.RegistrationTest.closeApp(RegistrationTest.java:42)
at com.facebook.registrationTests.RegistrationTest.closeApp(RegistrationTest.java:42)
at com.facebook.registrationTests.RegistrationTest.closeApp(RegistrationTest.java:42)
at com.facebook.registrationTests.RegistrationTest.closeApp(RegistrationTest.java:42)
at com.facebook.registrationTests.RegistrationTest.closeApp(RegistrationTest.java:42)
at com.facebook.registrationTests.RegistrationTest.closeApp(RegistrationTest.java:42)
at com.facebook.registrationTests.RegistrationTest.closeApp(RegistrationTest.java:42)
at com.facebook.registrationTests.RegistrationTest.closeApp(RegistrationTest.java:42)
at com.facebook.registrationTests.RegistrationTest.closeApp(RegistrationTest.java:42)
at com.facebook.registrationTests.RegistrationTest.closeApp(RegistrationTest.java:42)
at com.facebook.registrationTests.RegistrationTest.closeApp(RegistrationTest.java:42)
at com.facebook.registrationTests.RegistrationTest.closeApp(RegistrationTest.java:42)
at com.facebook.registrationTests.RegistrationTest.closeApp(RegistrationTest.java:42)
at com.facebook.registrationTests.RegistrationTest.closeApp(RegistrationTest.java:42)
at com.facebook.registrationTests.RegistrationTest.closeApp(RegistrationTest.java:42)
at com.facebook.registrationTests.RegistrationTest.closeApp(RegistrationTest.java:42)
at com.facebook.registrationTests.RegistrationTest.closeApp(RegistrationTest.java:42)
at com.facebook.registrationTests.RegistrationTest.closeApp(RegistrationTest.java:42)
at com.facebook.registrationTests.RegistrationTest.closeApp(RegistrationTest.java:42)
at com.facebook.registrationTests.RegistrationTest.closeApp(RegistrationTest.java:42)
at com.facebook.registrationTests.RegistrationTest.closeApp(RegistrationTest.java:42)
at com.facebook.registrationTests.RegistrationTest.closeApp(RegistrationTest.java:42)
at com.facebook.registrationTests.RegistrationTest.closeApp(RegistrationTest.java:42)
at com.facebook.registrationTests.RegistrationTest.closeApp(RegistrationTest.java:42)
at com.facebook.registrationTests.RegistrationTest.closeApp(RegistrationTest.java:42)
at com.facebook.registrationTests.RegistrationTest.closeApp(RegistrationTest.java:42)
at com.facebook.registrationTests.RegistrationTest.closeApp(RegistrationTest.java:42)
at com.facebook.registrationTests.RegistrationTest.closeApp(RegistrationTest.java:42)
at com.facebook.registrationTests.RegistrationTest.closeApp(RegistrationTest.java:42)
at com.facebook.registrationTests.RegistrationTest.closeApp(RegistrationTest.java:42)
at com.facebook.registrationTests.RegistrationTest.closeApp(RegistrationTest.java:42)
at com.facebook.registrationTests.RegistrationTest.closeApp(RegistrationTest.java:42)
at com.facebook.registrationTests.RegistrationTest.closeApp(RegistrationTest.java:42)
at com.facebook.registrationTests.RegistrationTest.closeApp(RegistrationTest.java:42)
at com.facebook.registrationTests.RegistrationTest.closeApp(RegistrationTest.java:42)
at com.facebook.registrationTests.RegistrationTest.closeApp(RegistrationTest.java:42)
at com.facebook.registrationTests.RegistrationTest.closeApp(RegistrationTest.java:42)
at com.facebook.registrationTests.RegistrationTest.closeApp(RegistrationTest.java:42)
at com.facebook.registrationTests.RegistrationTest.closeApp(RegistrationTest.java:42)
at com.facebook.registrationTests.RegistrationTest.closeApp(RegistrationTest.java:42)
at com.facebook.registrationTests.RegistrationTest.closeApp(RegistrationTest.java:42)
at com.facebook.registrationTests.RegistrationTest.closeApp(RegistrationTest.java:42)
at com.facebook.registrationTests.RegistrationTest.closeApp(RegistrationTest.java:42)
at com.facebook.registrationTests.RegistrationTest.closeApp(RegistrationTest.java:42)
at com.facebook.registrationTests.RegistrationTest.closeApp(RegistrationTest.java:42)
at com.facebook.registrationTests.RegistrationTest.closeApp(RegistrationTest.java:42)
at com.facebook.registrationTests.RegistrationTest.closeApp(RegistrationTest.java:42)
at com.facebook.registrationTests.RegistrationTest.closeApp(RegistrationTest.java:42)
at com.facebook.registrationTests.RegistrationTest.closeApp(RegistrationTest.java:42)
at com.facebook.registrationTests.RegistrationTest.closeApp(RegistrationTest.java:42)
at com.facebook.registrationTests.RegistrationTest.closeApp(RegistrationTest.java:42)
at com.facebook.registrationTests.RegistrationTest.closeApp(RegistrationTest.java:42)
at com.facebook.registrationTests.RegistrationTest.closeApp(RegistrationTest.java:42)
at com.facebook.registrationTests.RegistrationTest.closeApp(RegistrationTest.java:42)
at com.facebook.registrationTests.RegistrationTest.closeApp(RegistrationTest.java:42)
at com.facebook.registrationTests.RegistrationTest.closeApp(RegistrationTest.java:42)
at com.facebook.registrationTests.RegistrationTest.closeApp(RegistrationTest.java:42)
at com.facebook.registrationTests.RegistrationTest.closeApp(RegistrationTest.java:42)
at com.facebook.registrationTests.RegistrationTest.closeApp(RegistrationTest.java:42)
at com.facebook.registrationTests.RegistrationTest.closeApp(RegistrationTest.java:42)
at com.facebook.registrationTests.RegistrationTest.closeApp(RegistrationTest.java:42)
at com.facebook.registrationTests.RegistrationTest.closeApp(RegistrationTest.java:42)
at com.facebook.registrationTests.RegistrationTest.closeApp(RegistrationTest.java:42)
at com.facebook.registrationTests.RegistrationTest.closeApp(RegistrationTest.java:42)
at com.facebook.registrationTests.RegistrationTest.closeApp(RegistrationTest.java:42)
at com.facebook.registrationTests.RegistrationTest.closeApp(RegistrationTest.java:42)
at com.facebook.registrationTests.RegistrationTest.closeApp(RegistrationTest.java:42)
at com.facebook.registrationTests.RegistrationTest.closeApp(RegistrationTest.java:42)
at com.facebook.registrationTests.RegistrationTest.closeApp(RegistrationTest.java:42)
at com.facebook.registrationTests.RegistrationTest.closeApp(RegistrationTest.java:42)
at com.facebook.registrationTests.RegistrationTest.closeApp(RegistrationTest.java:42)
at com.facebook.registrationTests.RegistrationTest.closeApp(RegistrationTest.java:42)
at com.facebook.registrationTests.RegistrationTest.closeApp(RegistrationTest.java:42)
at com.facebook.registrationTests.RegistrationTest.closeApp(RegistrationTest.java:42)
at com.facebook.registrationTests.RegistrationTest.closeApp(RegistrationTest.java:42)
at com.facebook.registrationTests.RegistrationTest.closeApp(RegistrationTest.java:42)
at com.facebook.registrationTests.RegistrationTest.closeApp(RegistrationTest.java:42)
at com.facebook.registrationTests.RegistrationTest.closeApp(RegistrationTest.java:42)
at com.facebook.registrationTests.RegistrationTest.closeApp(RegistrationTest.java:42)
at com.facebook.registrationTests.RegistrationTest.closeApp(RegistrationTest.java:42)
at com.facebook.registrationTests.RegistrationTest.closeApp(RegistrationTest.java:42)
at com.facebook.registrationTests.RegistrationTest.closeApp(RegistrationTest.java:42)
at com.facebook.registrationTests.RegistrationTest.closeApp(RegistrationTest.java:42)
at com.facebook.registrationTests.RegistrationTest.closeApp(RegistrationTest.java:42)
at com.facebook.registrationTests.RegistrationTest.closeApp(RegistrationTest.java:42)
at com.facebook.registrationTests.RegistrationTest.closeApp(RegistrationTest.java:42)
at com.facebook.registrationTests.RegistrationTest.closeApp(RegistrationTest.java:42)
at com.facebook.registrationTests.RegistrationTest.closeApp(RegistrationTest.java:42)
at com.facebook.registrationTests.RegistrationTest.closeApp(RegistrationTest.java:42)
at com.facebook.registrationTests.RegistrationTest.closeApp(RegistrationTest.java:42)
at com.facebook.registrationTests.RegistrationTest.closeApp(RegistrationTest.java:42)
at com.facebook.registrationTests.RegistrationTest.closeApp(RegistrationTest.java:42)
at com.facebook.registrationTests.RegistrationTest.closeApp(RegistrationTest.java:42)
at com.facebook.registrationTests.RegistrationTest.closeApp(RegistrationTest.java:42)
at com.facebook.registrationTests.RegistrationTest.closeApp(RegistrationTest.java:42)
at com.facebook.registrationTests.RegistrationTest.closeApp(RegistrationTest.java:42)
at com.facebook.registrationTests.RegistrationTest.closeApp(RegistrationTest.java:42)
at com.facebook.registrationTests.RegistrationTest.closeApp(RegistrationTest.java:42)
at com.facebook.registrationTests.RegistrationTest.closeApp(RegistrationTest.java:42)
at com.facebook.registrationTests.RegistrationTest.closeApp(RegistrationTest.java:42)
at com.facebook.registrationTests.RegistrationTest.closeApp(RegistrationTest.java:42)
at com.facebook.registrationTests.RegistrationTest.closeApp(RegistrationTest.java:42)
at com.facebook.registrationTests.RegistrationTest.closeApp(RegistrationTest.java:42)
at com.facebook.registrationTests.RegistrationTest.closeApp(RegistrationTest.java:42)
at com.facebook.registrationTests.RegistrationTest.closeApp(RegistrationTest.java:42)
at com.facebook.registrationTests.RegistrationTest.closeApp(RegistrationTest.java:42)
at com.facebook.registrationTests.RegistrationTest.closeApp(RegistrationTest.java:42)
at com.facebook.registrationTests.RegistrationTest.closeApp(RegistrationTest.java:42)
at com.facebook.registrationTests.RegistrationTest.closeApp(RegistrationTest.java:42)
at com.facebook.registrationTests.RegistrationTest.closeApp(RegistrationTest.java:42)
at com.facebook.registrationTests.RegistrationTest.closeApp(RegistrationTest.java:42)
at com.facebook.registrationTests.RegistrationTest.closeApp(RegistrationTest.java:42)
at com.facebook.registrationTests.RegistrationTest.closeApp(RegistrationTest.java:42)
at com.facebook.registrationTests.RegistrationTest.closeApp(RegistrationTest.java:42)
at com.facebook.registrationTests.RegistrationTest.closeApp(RegistrationTest.java:42)
at com.facebook.registrationTests.RegistrationTest.closeApp(RegistrationTest.java:42)
at com.facebook.registrationTests.RegistrationTest.closeApp(RegistrationTest.java:42)
at com.facebook.registrationTests.RegistrationTest.closeApp(RegistrationTest.java:42)
at com.facebook.registrationTests.RegistrationTest.closeApp(RegistrationTest.java:42)
at com.facebook.registrationTests.RegistrationTest.closeApp(RegistrationTest.java:42)
at com.facebook.registrationTests.RegistrationTest.closeApp(RegistrationTest.java:42)
at com.facebook.registrationTests.RegistrationTest.closeApp(RegistrationTest.java:42)
at com.facebook.registrationTests.RegistrationTest.closeApp(RegistrationTest.java:42)
at com.facebook.registrationTests.RegistrationTest.closeApp(RegistrationTest.java:42)
at com.facebook.registrationTests.RegistrationTest.closeApp(RegistrationTest.java:42)
at com.facebook.registrationTests.RegistrationTest.closeApp(RegistrationTest.java:42)
at com.facebook.registrationTests.RegistrationTest.closeApp(RegistrationTest.java:42)
at com.facebook.registrationTests.RegistrationTest.closeApp(RegistrationTest.java:42)
at com.facebook.registrationTests.RegistrationTest.closeApp(RegistrationTest.java:42)
at com.facebook.registrationTests.RegistrationTest.closeApp(RegistrationTest.java:42)
at com.facebook.registrationTests.RegistrationTest.closeApp(RegistrationTest.java:42)
at com.facebook.registrationTests.RegistrationTest.closeApp(RegistrationTest.java:42)
at com.facebook.registrationTests.RegistrationTest.closeApp(RegistrationTest.java:42)
at com.facebook.registrationTests.RegistrationTest.closeApp(RegistrationTest.java:42)
at com.facebook.registrationTests.RegistrationTest.closeApp(RegistrationTest.java:42)
at com.facebook.registrationTests.RegistrationTest.closeApp(RegistrationTest.java:42)
at com.facebook.registrationTests.RegistrationTest.closeApp(RegistrationTest.java:42)
at com.facebook.registrationTests.RegistrationTest.closeApp(RegistrationTest.java:42)
at com.facebook.registrationTests.RegistrationTest.closeApp(RegistrationTest.java:42)
at com.facebook.registrationTests.RegistrationTest.closeApp(RegistrationTest.java:42)
at com.facebook.registrationTests.RegistrationTest.closeApp(RegistrationTest.java:42)
at com.facebook.registrationTests.RegistrationTest.closeApp(RegistrationTest.java:42)
at com.facebook.registrationTests.RegistrationTest.closeApp(RegistrationTest.java:42)
at com.facebook.registrationTests.RegistrationTest.closeApp(RegistrationTest.java:42)
at com.facebook.registrationTests.RegistrationTest.closeApp(RegistrationTest.java:42)
at com.facebook.registrationTests.RegistrationTest.closeApp(RegistrationTest.java:42)
at com.facebook.registrationTests.RegistrationTest.closeApp(RegistrationTest.java:42)
at com.facebook.registrationTests.RegistrationTest.closeApp(RegistrationTest.java:42)
at com.facebook.registrationTests.RegistrationTest.closeApp(RegistrationTest.java:42)
at com.facebook.registrationTests.RegistrationTest.closeApp(RegistrationTest.java:42)
at com.facebook.registrationTests.RegistrationTest.closeApp(RegistrationTest.java:42)
at com.facebook.registrationTests.RegistrationTest.closeApp(RegistrationTest.java:42)
at com.facebook.registrationTests.RegistrationTest.closeApp(RegistrationTest.java:42)
at com.facebook.registrationTests.RegistrationTest.closeApp(RegistrationTest.java:42)
at com.facebook.registrationTests.RegistrationTest.closeApp(RegistrationTest.java:42)
at com.facebook.registrationTests.RegistrationTest.closeApp(RegistrationTest.java:42)
at com.facebook.registrationTests.RegistrationTest.closeApp(RegistrationTest.java:42)
at com.facebook.registrationTests.RegistrationTest.closeApp(RegistrationTest.java:42)
at com.facebook.registrationTests.RegistrationTest.closeApp(RegistrationTest.java:42)
at com.facebook.registrationTests.RegistrationTest.closeApp(RegistrationTest.java:42)
at com.facebook.registrationTests.RegistrationTest.closeApp(RegistrationTest.java:42)
at com.facebook.registrationTests.RegistrationTest.closeApp(RegistrationTest.java:42)
at com.facebook.registrationTests.RegistrationTest.closeApp(RegistrationTest.java:42)
at com.facebook.registrationTests.RegistrationTest.closeApp(RegistrationTest.java:42)
at com.facebook.registrationTests.RegistrationTest.closeApp(RegistrationTest.java:42)
at com.facebook.registrationTests.RegistrationTest.closeApp(RegistrationTest.java:42)
at com.facebook.registrationTests.RegistrationTest.closeApp(RegistrationTest.java:42)
at com.facebook.registrationTests.RegistrationTest.closeApp(RegistrationTest.java:42)
at com.facebook.registrationTests.RegistrationTest.closeApp(RegistrationTest.java:42)
at com.facebook.registrationTests.RegistrationTest.closeApp(RegistrationTest.java:42)
at com.facebook.registrationTests.RegistrationTest.closeApp(RegistrationTest.java:42)
at com.facebook.registrationTests.RegistrationTest.closeApp(RegistrationTest.java:42)
at com.facebook.registrationTests.RegistrationTest.closeApp(RegistrationTest.java:42)
at com.facebook.registrationTests.RegistrationTest.closeApp(RegistrationTest.java:42)
at com.facebook.registrationTests.RegistrationTest.closeApp(RegistrationTest.java:42)
at com.facebook.registrationTests.RegistrationTest.closeApp(RegistrationTest.java:42)
at com.facebook.registrationTests.RegistrationTest.closeApp(RegistrationTest.java:42)
at com.facebook.registrationTests.RegistrationTest.closeApp(RegistrationTest.java:42)
at com.facebook.registrationTests.RegistrationTest.closeApp(RegistrationTest.java:42)
at com.facebook.registrationTests.RegistrationTest.closeApp(RegistrationTest.java:42)
at com.facebook.registrationTests.RegistrationTest.closeApp(RegistrationTest.java:42)
at com.facebook.registrationTests.RegistrationTest.closeApp(RegistrationTest.java:42)
at com.facebook.registrationTests.RegistrationTest.closeApp(RegistrationTest.java:42)
at com.facebook.registrationTests.RegistrationTest.closeApp(RegistrationTest.java:42)
at com.facebook.registrationTests.RegistrationTest.closeApp(RegistrationTest.java:42)
at com.facebook.registrationTests.RegistrationTest.closeApp(RegistrationTest.java:42)
at com.facebook.registrationTests.RegistrationTest.closeApp(RegistrationTest.java:42)
at com.facebook.registrationTests.RegistrationTest.closeApp(RegistrationTest.java:42)
at com.facebook.registrationTests.RegistrationTest.closeApp(RegistrationTest.java:42)
at com.facebook.registrationTests.RegistrationTest.closeApp(RegistrationTest.java:42)
at com.facebook.registrationTests.RegistrationTest.closeApp(RegistrationTest.java:42)
at com.facebook.registrationTests.RegistrationTest.closeApp(RegistrationTest.java:42)
at com.facebook.registrationTests.RegistrationTest.closeApp(RegistrationTest.java:42)
at com.facebook.registrationTests.RegistrationTest.closeApp(RegistrationTest.java:42)
at com.facebook.registrationTests.RegistrationTest.closeApp(RegistrationTest.java:42)
at com.facebook.registrationTests.RegistrationTest.closeApp(RegistrationTest.java:42)
at com.facebook.registrationTests.RegistrationTest.closeApp(RegistrationTest.java:42)
at com.facebook.registrationTests.RegistrationTest.closeApp(RegistrationTest.java:42)
at com.facebook.registrationTests.RegistrationTest.closeApp(RegistrationTest.java:42)
at com.facebook.registrationTests.RegistrationTest.closeApp(RegistrationTest.java:42)
at com.facebook.registrationTests.RegistrationTest.closeApp(RegistrationTest.java:42)
at com.facebook.registrationTests.RegistrationTest.closeApp(RegistrationTest.java:42)
at com.facebook.registrationTests.RegistrationTest.closeApp(RegistrationTest.java:42)
at com.facebook.registrationTests.RegistrationTest.closeApp(RegistrationTest.java:42)
at com.facebook.registrationTests.RegistrationTest.closeApp(RegistrationTest.java:42)
at com.facebook.registrationTests.RegistrationTest.closeApp(RegistrationTest.java:42)
at com.facebook.registrationTests.RegistrationTest.closeApp(RegistrationTest.java:42)
at com.facebook.registrationTests.RegistrationTest.closeApp(RegistrationTest.java:42)
at com.facebook.registrationTests.RegistrationTest.closeApp(RegistrationTest.java:42)
at com.facebook.registrationTests.RegistrationTest.closeApp(RegistrationTest.java:42)
at com.facebook.registrationTests.RegistrationTest.closeApp(RegistrationTest.java:42)
at com.facebook.registrationTests.RegistrationTest.closeApp(RegistrationTest.java:42)
at com.facebook.registrationTests.RegistrationTest.closeApp(RegistrationTest.java:42)
at com.facebook.registrationTests.RegistrationTest.closeApp(RegistrationTest.java:42)
at com.facebook.registrationTests.RegistrationTest.closeApp(RegistrationTest.java:42)
at com.facebook.registrationTests.RegistrationTest.closeApp(RegistrationTest.java:42)
at com.facebook.registrationTests.RegistrationTest.closeApp(RegistrationTest.java:42)
at com.facebook.registrationTests.RegistrationTest.closeApp(RegistrationTest.java:42)
at com.facebook.registrationTests.RegistrationTest.closeApp(RegistrationTest.java:42)
at com.facebook.registrationTests.RegistrationTest.closeApp(RegistrationTest.java:42)
at com.facebook.registrationTests.RegistrationTest.closeApp(RegistrationTest.java:42)
at com.facebook.registrationTests.RegistrationTest.closeApp(RegistrationTest.java:42)
at com.facebook.registrationTests.RegistrationTest.closeApp(RegistrationTest.java:42)
at com.facebook.registrationTests.RegistrationTest.closeApp(RegistrationTest.java:42)
at com.facebook.registrationTests.RegistrationTest.closeApp(RegistrationTest.java:42)
at com.facebook.registrationTests.RegistrationTest.closeApp(RegistrationTest.java:42)
at com.facebook.registrationTests.RegistrationTest.closeApp(RegistrationTest.java:42)
at com.facebook.registrationTests.RegistrationTest.closeApp(RegistrationTest.java:42)
at com.facebook.registrationTests.RegistrationTest.closeApp(RegistrationTest.java:42)
at com.facebook.registrationTests.RegistrationTest.closeApp(RegistrationTest.java:42)
at com.facebook.registrationTests.RegistrationTest.closeApp(RegistrationTest.java:42)
at com.facebook.registrationTests.RegistrationTest.closeApp(RegistrationTest.java:42)
at com.facebook.registrationTests.RegistrationTest.closeApp(RegistrationTest.java:42)
at com.facebook.registrationTests.RegistrationTest.closeApp(RegistrationTest.java:42)
at com.facebook.registrationTests.RegistrationTest.closeApp(RegistrationTest.java:42)
at com.facebook.registrationTests.RegistrationTest.closeApp(RegistrationTest.java:42)
at com.facebook.registrationTests.RegistrationTest.closeApp(RegistrationTest.java:42)
at com.facebook.registrationTests.RegistrationTest.closeApp(RegistrationTest.java:42)
at com.facebook.registrationTests.RegistrationTest.closeApp(RegistrationTest.java:42)
at com.facebook.registrationTests.RegistrationTest.closeApp(RegistrationTest.java:42)
at com.facebook.registrationTests.RegistrationTest.closeApp(RegistrationTest.java:42)
at com.facebook.registrationTests.RegistrationTest.closeApp(RegistrationTest.java:42)
at com.facebook.registrationTests.RegistrationTest.closeApp(RegistrationTest.java:42)
at com.facebook.registrationTests.RegistrationTest.closeApp(RegistrationTest.java:42)
at com.facebook.registrationTests.RegistrationTest.closeApp(RegistrationTest.java:42)
at com.facebook.registrationTests.RegistrationTest.closeApp(RegistrationTest.java:42)
at com.facebook.registrationTests.RegistrationTest.closeApp(RegistrationTest.java:42)
at com.facebook.registrationTests.RegistrationTest.closeApp(RegistrationTest.java:42)
at com.facebook.registrationTests.RegistrationTest.closeApp(RegistrationTest.java:42)
at com.facebook.registrationTests.RegistrationTest.closeApp(RegistrationTest.java:42)
at com.facebook.registrationTests.RegistrationTest.closeApp(RegistrationTest.java:42)
at com.facebook.registrationTests.RegistrationTest.closeApp(RegistrationTest.java:42)
at com.facebook.registrationTests.RegistrationTest.closeApp(RegistrationTest.java:42)
at com.facebook.registrationTests.RegistrationTest.closeApp(RegistrationTest.java:42)
at com.facebook.registrationTests.RegistrationTest.closeApp(RegistrationTest.java:42)
at com.facebook.registrationTests.RegistrationTest.closeApp(RegistrationTest.java:42)
at com.facebook.registrationTests.RegistrationTest.closeApp(RegistrationTest.java:42)
at com.facebook.registrationTests.RegistrationTest.closeApp(RegistrationTest.java:42)
at com.facebook.registrationTests.RegistrationTest.closeApp(RegistrationTest.java:42)
at com.facebook.registrationTests.RegistrationTest.closeApp(RegistrationTest.java:42)
at com.facebook.registrationTests.RegistrationTest.closeApp(RegistrationTest.java:42)
at com.facebook.registrationTests.RegistrationTest.closeApp(RegistrationTest.java:42)
at com.facebook.registrationTests.RegistrationTest.closeApp(RegistrationTest.java:42)
at com.facebook.registrationTests.RegistrationTest.closeApp(RegistrationTest.java:42)
at com.facebook.registrationTests.RegistrationTest.closeApp(RegistrationTest.java:42)
at com.facebook.registrationTests.RegistrationTest.closeApp(RegistrationTest.java:42)
at com.facebook.registrationTests.RegistrationTest.closeApp(RegistrationTest.java:42)
at com.facebook.registrationTests.RegistrationTest.closeApp(RegistrationTest.java:42)
at com.facebook.registrationTests.RegistrationTest.closeApp(RegistrationTest.java:42)
at com.facebook.registrationTests.RegistrationTest.closeApp(RegistrationTest.java:42)
at com.facebook.registrationTests.RegistrationTest.closeApp(RegistrationTest.java:42)
at com.facebook.registrationTests.RegistrationTest.closeApp(RegistrationTest.java:42)
at com.facebook.registrationTests.RegistrationTest.closeApp(RegistrationTest.java:42)
at com.facebook.registrationTests.RegistrationTest.closeApp(RegistrationTest.java:42)
at com.facebook.registrationTests.RegistrationTest.closeApp(RegistrationTest.java:42)
at com.facebook.registrationTests.RegistrationTest.closeApp(RegistrationTest.java:42)
at com.facebook.registrationTests.RegistrationTest.closeApp(RegistrationTest.java:42)
at com.facebook.registrationTests.RegistrationTest.closeApp(RegistrationTest.java:42)
at com.facebook.registrationTests.RegistrationTest.closeApp(RegistrationTest.java:42)
at com.facebook.registrationTests.RegistrationTest.closeApp(RegistrationTest.java:42)
at com.facebook.registrationTests.RegistrationTest.closeApp(RegistrationTest.java:42)
at com.facebook.registrationTests.RegistrationTest.closeApp(RegistrationTest.java:42)
at com.facebook.registrationTests.RegistrationTest.closeApp(RegistrationTest.java:42)
at com.facebook.registrationTests.RegistrationTest.closeApp(RegistrationTest.java:42)
at com.facebook.registrationTests.RegistrationTest.closeApp(RegistrationTest.java:42)
at com.facebook.registrationTests.RegistrationTest.closeApp(RegistrationTest.java:42)
at com.facebook.registrationTests.RegistrationTest.closeApp(RegistrationTest.java:42)
at com.facebook.registrationTests.RegistrationTest.closeApp(RegistrationTest.java:42)
at com.facebook.registrationTests.RegistrationTest.closeApp(RegistrationTest.java:42)
at com.facebook.registrationTests.RegistrationTest.closeApp(RegistrationTest.java:42)
at com.facebook.registrationTests.RegistrationTest.closeApp(RegistrationTest.java:42)
at com.facebook.registrationTests.RegistrationTest.closeApp(RegistrationTest.java:42)
at com.facebook.registrationTests.RegistrationTest.closeApp(RegistrationTest.java:42)
at com.facebook.registrationTests.RegistrationTest.closeApp(RegistrationTest.java:42)
at com.facebook.registrationTests.RegistrationTest.closeApp(RegistrationTest.java:42)
at com.facebook.registrationTests.RegistrationTest.closeApp(RegistrationTest.java:42)
at com.facebook.registrationTests.RegistrationTest.closeApp(RegistrationTest.java:42)
at com.facebook.registrationTests.RegistrationTest.closeApp(RegistrationTest.java:42)
at com.facebook.registrationTests.RegistrationTest.closeApp(RegistrationTest.java:42)
at com.facebook.registrationTests.RegistrationTest.closeApp(RegistrationTest.java:42)
at com.facebook.registrationTests.RegistrationTest.closeApp(RegistrationTest.java:42)
at com.facebook.registrationTests.RegistrationTest.closeApp(RegistrationTest.java:42)
at com.facebook.registrationTests.RegistrationTest.closeApp(RegistrationTest.java:42)
at com.facebook.registrationTests.RegistrationTest.closeApp(RegistrationTest.java:42)
at com.facebook.registrationTests.RegistrationTest.closeApp(RegistrationTest.java:42)
at com.facebook.registrationTests.RegistrationTest.closeApp(RegistrationTest.java:42)
at com.facebook.registrationTests.RegistrationTest.closeApp(RegistrationTest.java:42)
at com.facebook.registrationTests.RegistrationTest.closeApp(RegistrationTest.java:42)
at com.facebook.registrationTests.RegistrationTest.closeApp(RegistrationTest.java:42)
at com.facebook.registrationTests.RegistrationTest.closeApp(RegistrationTest.java:42)
at com.facebook.registrationTests.RegistrationTest.closeApp(RegistrationTest.java:42)
at com.facebook.registrationTests.RegistrationTest.closeApp(RegistrationTest.java:42)
at com.facebook.registrationTests.RegistrationTest.closeApp(RegistrationTest.java:42)
at com.facebook.registrationTests.RegistrationTest.closeApp(RegistrationTest.java:42)
at com.facebook.registrationTests.RegistrationTest.closeApp(RegistrationTest.java:42)
at com.facebook.registrationTests.RegistrationTest.closeApp(RegistrationTest.java:42)
at com.facebook.registrationTests.RegistrationTest.closeApp(RegistrationTest.java:42)
at com.facebook.registrationTests.RegistrationTest.closeApp(RegistrationTest.java:42)
at com.facebook.registrationTests.RegistrationTest.closeApp(RegistrationTest.java:42)
at com.facebook.registrationTests.RegistrationTest.closeApp(RegistrationTest.java:42)
at com.facebook.registrationTests.RegistrationTest.closeApp(RegistrationTest.java:42)
at com.facebook.registrationTests.RegistrationTest.closeApp(RegistrationTest.java:42)
at com.facebook.registrationTests.RegistrationTest.closeApp(RegistrationTest.java:42)
at com.facebook.registrationTests.RegistrationTest.closeApp(RegistrationTest.java:42)
at com.facebook.registrationTests.RegistrationTest.closeApp(RegistrationTest.java:42)
at com.facebook.registrationTests.RegistrationTest.closeApp(RegistrationTest.java:42)
at com.facebook.registrationTests.RegistrationTest.closeApp(RegistrationTest.java:42)
at com.facebook.registrationTests.RegistrationTest.closeApp(RegistrationTest.java:42)
at com.facebook.registrationTests.RegistrationTest.closeApp(RegistrationTest.java:42)
at com.facebook.registrationTests.RegistrationTest.closeApp(RegistrationTest.java:42)
at com.facebook.registrationTests.RegistrationTest.closeApp(RegistrationTest.java:42)
at com.facebook.registrationTests.RegistrationTest.closeApp(RegistrationTest.java:42)
at com.facebook.registrationTests.RegistrationTest.closeApp(RegistrationTest.java:42)
at com.facebook.registrationTests.RegistrationTest.closeApp(RegistrationTest.java:42)
at com.facebook.registrationTests.RegistrationTest.closeApp(RegistrationTest.java:42)
at com.facebook.registrationTests.RegistrationTest.closeApp(RegistrationTest.java:42)
at com.facebook.registrationTests.RegistrationTest.closeApp(RegistrationTest.java:42)
at com.facebook.registrationTests.RegistrationTest.closeApp(RegistrationTest.java:42)
at com.facebook.registrationTests.RegistrationTest.closeApp(RegistrationTest.java:42)
]]>
    </failure>
  </testcase> <!-- @AfterMethod closeApp -->
  <testcase classname="com.facebook.registrationTests.RegistrationTest" name="registrationTest" time="3.038"/>
</testsuite> <!-- Default test -->
