<?xml version="1.0" encoding="UTF-8"?>
<testng-results ignored="0" total="1" passed="1" failed="0" skipped="0">
  <reporter-output>
  </reporter-output>
  <suite started-at="2023-10-12T00:58:24 EDT" name="Default suite" finished-at="2023-10-12T00:58:32 EDT" duration-ms="7683">
    <groups>
    </groups>
    <test started-at="2023-10-12T00:58:24 EDT" name="Default test" finished-at="2023-10-12T00:58:32 EDT" duration-ms="7683">
      <class name="com.facebook.registrationTests.RegistrationTest">
        <test-method is-config="true" signature="openRegistrationPage()[pri:0, instance:com.facebook.registrationTests.RegistrationTest@411f53a0]" started-at="2023-10-12T00:58:25 EDT" name="openRegistrationPage" finished-at="2023-10-12T00:58:29 EDT" duration-ms="4527" status="PASS">
          <reporter-output>
          </reporter-output>
        </test-method> <!-- openRegistrationPage -->
        <test-method signature="registrationTest()[pri:0, instance:com.facebook.registrationTests.RegistrationTest@411f53a0]" started-at="2023-10-12T00:58:29 EDT" name="registrationTest" finished-at="2023-10-12T00:58:32 EDT" duration-ms="3038" status="PASS">
          <reporter-output>
          </reporter-output>
        </test-method> <!-- registrationTest -->
        <test-method is-config="true" signature="closeApp()[pri:0, instance:com.facebook.registrationTests.RegistrationTest@411f53a0]" started-at="2023-10-12T00:58:32 EDT" name="closeApp" finished-at="2023-10-12T00:58:32 EDT" duration-ms="9" status="FAIL">
          <exception class="java.lang.StackOverflowError">
            <full-stacktrace>
              <![CDATA[java.lang.StackOverflowError
at com.facebook.registrationTests.RegistrationTest.closeApp(RegistrationTest.java:42)
at com.facebook.registrationTests.RegistrationTest.closeApp(RegistrationTest.java:42)
at com.facebook.registrationTests.RegistrationTest.closeApp(RegistrationTest.java:42)
at com.facebook.registrationTests.RegistrationTest.closeApp(RegistrationTest.java:42)
at com.facebook.registrationTests.RegistrationTest.closeApp(RegistrationTest.java:42)
at com.facebook.registrationTests.RegistrationTest.closeApp(RegistrationTest.java:42)
at com.facebook.registrationTests.RegistrationTest.closeApp(RegistrationTest.java:42)
at com.facebook.registrationTests.RegistrationTest.closeApp(RegistrationTest.java:42)
at com.facebook.registrationTests.RegistrationTest.closeApp(RegistrationTest.java:42)
at com.facebook.registrationTests.RegistrationTest.closeApp(RegistrationTest.java:42)
at com.facebook.registrationTests.RegistrationTest.closeApp(RegistrationTest.java:42)
at com.facebook.registrationTests.RegistrationTest.closeApp(RegistrationTest.java:42)
at com.facebook.registrationTests.RegistrationTest.closeApp(RegistrationTest.java:42)
at com.facebook.registrationTests.RegistrationTest.closeApp(RegistrationTest.java:42)
at com.facebook.registrationTests.RegistrationTest.closeApp(RegistrationTest.java:42)
at com.facebook.registrationTests.RegistrationTest.closeApp(RegistrationTest.java:42)
at com.facebook.registrationTests.RegistrationTest.closeApp(RegistrationTest.java:42)
at com.facebook.registrationTests.RegistrationTest.closeApp(RegistrationTest.java:42)
at com.facebook.registrationTests.RegistrationTest.closeApp(RegistrationTest.java:42)
at com.facebook.registrationTests.RegistrationTest.closeApp(RegistrationTest.java:42)
at com.facebook.registrationTests.RegistrationTest.closeApp(RegistrationTest.java:42)
at com.facebook.registrationTests.RegistrationTest.closeApp(RegistrationTest.java:42)
at com.facebook.registrationTests.RegistrationTest.closeApp(RegistrationTest.java:42)
at com.facebook.registrationTests.RegistrationTest.closeApp(RegistrationTest.java:42)
at com.facebook.registrationTests.RegistrationTest.closeApp(RegistrationTest.java:42)
at com.facebook.registrationTests.RegistrationTest.closeApp(RegistrationTest.java:42)
at com.facebook.registrationTests.RegistrationTest.closeApp(RegistrationTest.java:42)
at com.facebook.registrationTests.RegistrationTest.closeApp(RegistrationTest.java:42)
at com.facebook.registrationTests.RegistrationTest.closeApp(RegistrationTest.java:42)
at com.facebook.registrationTests.RegistrationTest.closeApp(RegistrationTest.java:42)
at com.facebook.registrationTests.RegistrationTest.closeApp(RegistrationTest.java:42)
at com.facebook.registrationTests.RegistrationTest.closeApp(RegistrationTest.java:42)
at com.facebook.registrationTests.RegistrationTest.closeApp(RegistrationTest.java:42)
at com.facebook.registrationTests.RegistrationTest.closeApp(RegistrationTest.java:42)
at com.facebook.registrationTests.RegistrationTest.closeApp(RegistrationTest.java:42)
at com.facebook.registrationTests.RegistrationTest.closeApp(RegistrationTest.java:42)
at com.facebook.registrationTests.RegistrationTest.closeApp(RegistrationTest.java:42)
at com.facebook.registrationTests.RegistrationTest.closeApp(RegistrationTest.java:42)
at com.facebook.registrationTests.RegistrationTest.closeApp(RegistrationTest.java:42)
at com.facebook.registrationTests.RegistrationTest.closeApp(RegistrationTest.java:42)
at com.facebook.registrationTests.RegistrationTest.closeApp(RegistrationTest.java:42)
at com.facebook.registrationTests.RegistrationTest.closeApp(RegistrationTest.java:42)
at com.facebook.registrationTests.RegistrationTest.closeApp(RegistrationTest.java:42)
at com.facebook.registrationTests.RegistrationTest.closeApp(RegistrationTest.java:42)
at com.facebook.registrationTests.RegistrationTest.closeApp(RegistrationTest.java:42)
at com.facebook.registrationTests.RegistrationTest.closeApp(RegistrationTest.java:42)
at com.facebook.registrationTests.RegistrationTest.closeApp(RegistrationTest.java:42)
at com.facebook.registrationTests.RegistrationTest.closeApp(RegistrationTest.java:42)
at com.facebook.registrationTests.RegistrationTest.closeApp(RegistrationTest.java:42)
at com.facebook.registrationTests.RegistrationTest.closeApp(RegistrationTest.java:42)
at com.facebook.registrationTests.RegistrationTest.closeApp(RegistrationTest.java:42)
at com.facebook.registrationTests.RegistrationTest.closeApp(RegistrationTest.java:42)
at com.facebook.registrationTests.RegistrationTest.closeApp(RegistrationTest.java:42)
at com.facebook.registrationTests.RegistrationTest.closeApp(RegistrationTest.java:42)
at com.facebook.registrationTests.RegistrationTest.closeApp(RegistrationTest.java:42)
at com.facebook.registrationTests.RegistrationTest.closeApp(RegistrationTest.java:42)
at com.facebook.registrationTests.RegistrationTest.closeApp(RegistrationTest.java:42)
at com.facebook.registrationTests.RegistrationTest.closeApp(RegistrationTest.java:42)
at com.facebook.registrationTests.RegistrationTest.closeApp(RegistrationTest.java:42)
at com.facebook.registrationTests.RegistrationTest.closeApp(RegistrationTest.java:42)
at com.facebook.registrationTests.RegistrationTest.closeApp(RegistrationTest.java:42)
at com.facebook.registrationTests.RegistrationTest.closeApp(RegistrationTest.java:42)
at com.facebook.registrationTests.RegistrationTest.closeApp(RegistrationTest.java:42)
at com.facebook.registrationTests.RegistrationTest.closeApp(RegistrationTest.java:42)
at com.facebook.registrationTests.RegistrationTest.closeApp(RegistrationTest.java:42)
at com.facebook.registrationTests.RegistrationTest.closeApp(RegistrationTest.java:42)
at com.facebook.registrationTests.RegistrationTest.closeApp(RegistrationTest.java:42)
at com.facebook.registrationTests.RegistrationTest.closeApp(RegistrationTest.java:42)
at com.facebook.registrationTests.RegistrationTest.closeApp(RegistrationTest.java:42)
at com.facebook.registrationTests.RegistrationTest.closeApp(RegistrationTest.java:42)
at com.facebook.registrationTests.RegistrationTest.closeApp(RegistrationTest.java:42)
at com.facebook.registrationTests.RegistrationTest.closeApp(RegistrationTest.java:42)
at com.facebook.registrationTests.RegistrationTest.closeApp(RegistrationTest.java:42)
at com.facebook.registrationTests.RegistrationTest.closeApp(RegistrationTest.java:42)
at com.facebook.registrationTests.RegistrationTest.closeApp(RegistrationTest.java:42)
at com.facebook.registrationTests.RegistrationTest.closeApp(RegistrationTest.java:42)
at com.facebook.registrationTests.RegistrationTest.closeApp(RegistrationTest.java:42)
at com.facebook.registrationTests.RegistrationTest.closeApp(RegistrationTest.java:42)
at com.facebook.registrationTests.RegistrationTest.closeApp(RegistrationTest.java:42)
at com.facebook.registrationTests.RegistrationTest.closeApp(RegistrationTest.java:42)
at com.facebook.registrationTests.RegistrationTest.closeApp(RegistrationTest.java:42)
at com.facebook.registrationTests.RegistrationTest.closeApp(RegistrationTest.java:42)
at com.facebook.registrationTests.RegistrationTest.closeApp(RegistrationTest.java:42)
at com.facebook.registrationTests.RegistrationTest.closeApp(RegistrationTest.java:42)
at com.facebook.registrationTests.RegistrationTest.closeApp(RegistrationTest.java:42)
at com.facebook.registrationTests.RegistrationTest.closeApp(RegistrationTest.java:42)
at com.facebook.registrationTests.RegistrationTest.closeApp(RegistrationTest.java:42)
at com.facebook.registrationTests.RegistrationTest.closeApp(RegistrationTest.java:42)
at com.facebook.registrationTests.RegistrationTest.closeApp(RegistrationTest.java:42)
at com.facebook.registrationTests.RegistrationTest.closeApp(RegistrationTest.java:42)
at com.facebook.registrationTests.RegistrationTest.closeApp(RegistrationTest.java:42)
at com.facebook.registrationTests.RegistrationTest.closeApp(RegistrationTest.java:42)
at com.facebook.registrationTests.RegistrationTest.closeApp(RegistrationTest.java:42)
at com.facebook.registrationTests.RegistrationTest.closeApp(RegistrationTest.java:42)
at com.facebook.registrationTests.RegistrationTest.closeApp(RegistrationTest.java:42)
at com.facebook.registrationTests.RegistrationTest.closeApp(RegistrationTest.java:42)
at com.facebook.registrationTests.RegistrationTest.closeApp(RegistrationTest.java:42)
at com.facebook.registrationTests.RegistrationTest.closeApp(RegistrationTest.java:42)
at com.facebook.registrationTests.RegistrationTest.closeApp(RegistrationTest.java:42)
at com.facebook.registrationTests.RegistrationTest.closeApp(RegistrationTest.java:42)
at com.facebook.registrationTests.RegistrationTest.closeApp(RegistrationTest.java:42)
at com.facebook.registrationTests.RegistrationTest.closeApp(RegistrationTest.java:42)
at com.facebook.registrationTests.RegistrationTest.closeApp(RegistrationTest.java:42)
at com.facebook.registrationTests.RegistrationTest.closeApp(RegistrationTest.java:42)
at com.facebook.registrationTests.RegistrationTest.closeApp(RegistrationTest.java:42)
at com.facebook.registrationTests.RegistrationTest.closeApp(RegistrationTest.java:42)
at com.facebook.registrationTests.RegistrationTest.closeApp(RegistrationTest.java:42)
at com.facebook.registrationTests.RegistrationTest.closeApp(RegistrationTest.java:42)
at com.facebook.registrationTests.RegistrationTest.closeApp(RegistrationTest.java:42)
at com.facebook.registrationTests.RegistrationTest.closeApp(RegistrationTest.java:42)
at com.facebook.registrationTests.RegistrationTest.closeApp(RegistrationTest.java:42)
at com.facebook.registrationTests.RegistrationTest.closeApp(RegistrationTest.java:42)
at com.facebook.registrationTests.RegistrationTest.closeApp(RegistrationTest.java:42)
at com.facebook.registrationTests.RegistrationTest.closeApp(RegistrationTest.java:42)
at com.facebook.registrationTests.RegistrationTest.closeApp(RegistrationTest.java:42)
at com.facebook.registrationTests.RegistrationTest.closeApp(RegistrationTest.java:42)
at com.facebook.registrationTests.RegistrationTest.closeApp(RegistrationTest.java:42)
at com.facebook.registrationTests.RegistrationTest.closeApp(RegistrationTest.java:42)
at com.facebook.registrationTests.RegistrationTest.closeApp(RegistrationTest.java:42)
at com.facebook.registrationTests.RegistrationTest.closeApp(RegistrationTest.java:42)
at com.facebook.registrationTests.RegistrationTest.closeApp(RegistrationTest.java:42)
at com.facebook.registrationTests.RegistrationTest.closeApp(RegistrationTest.java:42)
at com.facebook.registrationTests.RegistrationTest.closeApp(RegistrationTest.java:42)
at com.facebook.registrationTests.RegistrationTest.closeApp(RegistrationTest.java:42)
at com.facebook.registrationTests.RegistrationTest.closeApp(RegistrationTest.java:42)
at com.facebook.registrationTests.RegistrationTest.closeApp(RegistrationTest.java:42)
at com.facebook.registrationTests.RegistrationTest.closeApp(RegistrationTest.java:42)
at com.facebook.registrationTests.RegistrationTest.closeApp(RegistrationTest.java:42)
at com.facebook.registrationTests.RegistrationTest.closeApp(RegistrationTest.java:42)
at com.facebook.registrationTests.RegistrationTest.closeApp(RegistrationTest.java:42)
at com.facebook.registrationTests.RegistrationTest.closeApp(RegistrationTest.java:42)
at com.facebook.registrationTests.RegistrationTest.closeApp(RegistrationTest.java:42)
at com.facebook.registrationTests.RegistrationTest.closeApp(RegistrationTest.java:42)
at com.facebook.registrationTests.RegistrationTest.closeApp(RegistrationTest.java:42)
at com.facebook.registrationTests.RegistrationTest.closeApp(RegistrationTest.java:42)
at com.facebook.registrationTests.RegistrationTest.closeApp(RegistrationTest.java:42)
at com.facebook.registrationTests.RegistrationTest.closeApp(RegistrationTest.java:42)
at com.facebook.registrationTests.RegistrationTest.closeApp(RegistrationTest.java:42)
at com.facebook.registrationTests.RegistrationTest.closeApp(RegistrationTest.java:42)
at com.facebook.registrationTests.RegistrationTest.closeApp(RegistrationTest.java:42)
at com.facebook.registrationTests.RegistrationTest.closeApp(RegistrationTest.java:42)
at com.facebook.registrationTests.RegistrationTest.closeApp(RegistrationTest.java:42)
at com.facebook.registrationTests.RegistrationTest.closeApp(RegistrationTest.java:42)
at com.facebook.registrationTests.RegistrationTest.closeApp(RegistrationTest.java:42)
at com.facebook.registrationTests.RegistrationTest.closeApp(RegistrationTest.java:42)
at com.facebook.registrationTests.RegistrationTest.closeApp(RegistrationTest.java:42)
at com.facebook.registrationTests.RegistrationTest.closeApp(RegistrationTest.java:42)
at com.facebook.registrationTests.RegistrationTest.closeApp(RegistrationTest.java:42)
at com.facebook.registrationTests.RegistrationTest.closeApp(RegistrationTest.java:42)
at com.facebook.registrationTests.RegistrationTest.closeApp(RegistrationTest.java:42)
at com.facebook.registrationTests.RegistrationTest.closeApp(RegistrationTest.java:42)
at com.facebook.registrationTests.RegistrationTest.closeApp(RegistrationTest.java:42)
at com.facebook.registrationTests.RegistrationTest.closeApp(RegistrationTest.java:42)
at com.facebook.registrationTests.RegistrationTest.closeApp(RegistrationTest.java:42)
at com.facebook.registrationTests.RegistrationTest.closeApp(RegistrationTest.java:42)
at com.facebook.registrationTests.RegistrationTest.closeApp(RegistrationTest.java:42)
at com.facebook.registrationTests.RegistrationTest.closeApp(RegistrationTest.java:42)
at com.facebook.registrationTests.RegistrationTest.closeApp(RegistrationTest.java:42)
at com.facebook.registrationTests.RegistrationTest.closeApp(RegistrationTest.java:42)
at com.facebook.registrationTests.RegistrationTest.closeApp(RegistrationTest.java:42)
at com.facebook.registrationTests.RegistrationTest.closeApp(RegistrationTest.java:42)
at com.facebook.registrationTests.RegistrationTest.closeApp(RegistrationTest.java:42)
at com.facebook.registrationTests.RegistrationTest.closeApp(RegistrationTest.java:42)
at com.facebook.registrationTests.RegistrationTest.closeApp(RegistrationTest.java:42)
at com.facebook.registrationTests.RegistrationTest.closeApp(RegistrationTest.java:42)
at com.facebook.registrationTests.RegistrationTest.closeApp(RegistrationTest.java:42)
at com.facebook.registrationTests.RegistrationTest.closeApp(RegistrationTest.java:42)
at com.facebook.registrationTests.RegistrationTest.closeApp(RegistrationTest.java:42)
at com.facebook.registrationTests.RegistrationTest.closeApp(RegistrationTest.java:42)
at com.facebook.registrationTests.RegistrationTest.closeApp(RegistrationTest.java:42)
at com.facebook.registrationTests.RegistrationTest.closeApp(RegistrationTest.java:42)
at com.facebook.registrationTests.RegistrationTest.closeApp(RegistrationTest.java:42)
at com.facebook.registrationTests.RegistrationTest.closeApp(RegistrationTest.java:42)
at com.facebook.registrationTests.RegistrationTest.closeApp(RegistrationTest.java:42)
at com.facebook.registrationTests.RegistrationTest.closeApp(RegistrationTest.java:42)
at com.facebook.registrationTests.RegistrationTest.closeApp(RegistrationTest.java:42)
at com.facebook.registrationTests.RegistrationTest.closeApp(RegistrationTest.java:42)
at com.facebook.registrationTests.RegistrationTest.closeApp(RegistrationTest.java:42)
at com.facebook.registrationTests.RegistrationTest.closeApp(RegistrationTest.java:42)
at com.facebook.registrationTests.RegistrationTest.closeApp(RegistrationTest.java:42)
at com.facebook.registrationTests.RegistrationTest.closeApp(RegistrationTest.java:42)
at com.facebook.registrationTests.RegistrationTest.closeApp(RegistrationTest.java:42)
at com.facebook.registrationTests.RegistrationTest.closeApp(RegistrationTest.java:42)
at com.facebook.registrationTests.RegistrationTest.closeApp(RegistrationTest.java:42)
at com.facebook.registrationTests.RegistrationTest.closeApp(RegistrationTest.java:42)
at com.facebook.registrationTests.RegistrationTest.closeApp(RegistrationTest.java:42)
at com.facebook.registrationTests.RegistrationTest.closeApp(RegistrationTest.java:42)
at com.facebook.registrationTests.RegistrationTest.closeApp(RegistrationTest.java:42)
at com.facebook.registrationTests.RegistrationTest.closeApp(RegistrationTest.java:42)
at com.facebook.registrationTests.RegistrationTest.closeApp(RegistrationTest.java:42)
at com.facebook.registrationTests.RegistrationTest.closeApp(RegistrationTest.java:42)
at com.facebook.registrationTests.RegistrationTest.closeApp(RegistrationTest.java:42)
at com.facebook.registrationTests.RegistrationTest.closeApp(RegistrationTest.java:42)
at com.facebook.registrationTests.RegistrationTest.closeApp(RegistrationTest.java:42)
at com.facebook.registrationTests.RegistrationTest.closeApp(RegistrationTest.java:42)
at com.facebook.registrationTests.RegistrationTest.closeApp(RegistrationTest.java:42)
at com.facebook.registrationTests.RegistrationTest.closeApp(RegistrationTest.java:42)
at com.facebook.registrationTests.RegistrationTest.closeApp(RegistrationTest.java:42)
at com.facebook.registrationTests.RegistrationTest.closeApp(RegistrationTest.java:42)
at com.facebook.registrationTests.RegistrationTest.closeApp(RegistrationTest.java:42)
at com.facebook.registrationTests.RegistrationTest.closeApp(RegistrationTest.java:42)
at com.facebook.registrationTests.RegistrationTest.closeApp(RegistrationTest.java:42)
at com.facebook.registrationTests.RegistrationTest.closeApp(RegistrationTest.java:42)
at com.facebook.registrationTests.RegistrationTest.closeApp(RegistrationTest.java:42)
at com.facebook.registrationTests.RegistrationTest.closeApp(RegistrationTest.java:42)
at com.facebook.registrationTests.RegistrationTest.closeApp(RegistrationTest.java:42)
at com.facebook.registrationTests.RegistrationTest.closeApp(RegistrationTest.java:42)
at com.facebook.registrationTests.RegistrationTest.closeApp(RegistrationTest.java:42)
at com.facebook.registrationTests.RegistrationTest.closeApp(RegistrationTest.java:42)
at com.facebook.registrationTests.RegistrationTest.closeApp(RegistrationTest.java:42)
at com.facebook.registrationTests.RegistrationTest.closeApp(RegistrationTest.java:42)
at com.facebook.registrationTests.RegistrationTest.closeApp(RegistrationTest.java:42)
at com.facebook.registrationTests.RegistrationTest.closeApp(RegistrationTest.java:42)
at com.facebook.registrationTests.RegistrationTest.closeApp(RegistrationTest.java:42)
at com.facebook.registrationTests.RegistrationTest.closeApp(RegistrationTest.java:42)
at com.facebook.registrationTests.RegistrationTest.closeApp(RegistrationTest.java:42)
at com.facebook.registrationTests.RegistrationTest.closeApp(RegistrationTest.java:42)
at com.facebook.registrationTests.RegistrationTest.closeApp(RegistrationTest.java:42)
at com.facebook.registrationTests.RegistrationTest.closeApp(RegistrationTest.java:42)
at com.facebook.registrationTests.RegistrationTest.closeApp(RegistrationTest.java:42)
at com.facebook.registrationTests.RegistrationTest.closeApp(RegistrationTest.java:42)
at com.facebook.registrationTests.RegistrationTest.closeApp(RegistrationTest.java:42)
at com.facebook.registrationTests.RegistrationTest.closeApp(RegistrationTest.java:42)
at com.facebook.registrationTests.RegistrationTest.closeApp(RegistrationTest.java:42)
at com.facebook.registrationTests.RegistrationTest.closeApp(RegistrationTest.java:42)
at com.facebook.registrationTests.RegistrationTest.closeApp(RegistrationTest.java:42)
at com.facebook.registrationTests.RegistrationTest.closeApp(RegistrationTest.java:42)
at com.facebook.registrationTests.RegistrationTest.closeApp(RegistrationTest.java:42)
at com.facebook.registrationTests.RegistrationTest.closeApp(RegistrationTest.java:42)
at com.facebook.registrationTests.RegistrationTest.closeApp(RegistrationTest.java:42)
at com.facebook.registrationTests.RegistrationTest.closeApp(RegistrationTest.java:42)
at com.facebook.registrationTests.RegistrationTest.closeApp(RegistrationTest.java:42)
at com.facebook.registrationTests.RegistrationTest.closeApp(RegistrationTest.java:42)
at com.facebook.registrationTests.RegistrationTest.closeApp(RegistrationTest.java:42)
at com.facebook.registrationTests.RegistrationTest.closeApp(RegistrationTest.java:42)
at com.facebook.registrationTests.RegistrationTest.closeApp(RegistrationTest.java:42)
at com.facebook.registrationTests.RegistrationTest.closeApp(RegistrationTest.java:42)
at com.facebook.registrationTests.RegistrationTest.closeApp(RegistrationTest.java:42)
at com.facebook.registrationTests.RegistrationTest.closeApp(RegistrationTest.java:42)
at com.facebook.registrationTests.RegistrationTest.closeApp(RegistrationTest.java:42)
at com.facebook.registrationTests.RegistrationTest.closeApp(RegistrationTest.java:42)
at com.facebook.registrationTests.RegistrationTest.closeApp(RegistrationTest.java:42)
at com.facebook.registrationTests.RegistrationTest.closeApp(RegistrationTest.java:42)
at com.facebook.registrationTests.RegistrationTest.closeApp(RegistrationTest.java:42)
at com.facebook.registrationTests.RegistrationTest.closeApp(RegistrationTest.java:42)
at com.facebook.registrationTests.RegistrationTest.closeApp(RegistrationTest.java:42)
at com.facebook.registrationTests.RegistrationTest.closeApp(RegistrationTest.java:42)
at com.facebook.registrationTests.RegistrationTest.closeApp(RegistrationTest.java:42)
at com.facebook.registrationTests.RegistrationTest.closeApp(RegistrationTest.java:42)
at com.facebook.registrationTests.RegistrationTest.closeApp(RegistrationTest.java:42)
at com.facebook.registrationTests.RegistrationTest.closeApp(RegistrationTest.java:42)
at com.facebook.registrationTests.RegistrationTest.closeApp(RegistrationTest.java:42)
at com.facebook.registrationTests.RegistrationTest.closeApp(RegistrationTest.java:42)
at com.facebook.registrationTests.RegistrationTest.closeApp(RegistrationTest.java:42)
at com.facebook.registrationTests.RegistrationTest.closeApp(RegistrationTest.java:42)
at com.facebook.registrationTests.RegistrationTest.closeApp(RegistrationTest.java:42)
at com.facebook.registrationTests.RegistrationTest.closeApp(RegistrationTest.java:42)
at com.facebook.registrationTests.RegistrationTest.closeApp(RegistrationTest.java:42)
at com.facebook.registrationTests.RegistrationTest.closeApp(RegistrationTest.java:42)
at com.facebook.registrationTests.RegistrationTest.closeApp(RegistrationTest.java:42)
at com.facebook.registrationTests.RegistrationTest.closeApp(RegistrationTest.java:42)
at com.facebook.registrationTests.RegistrationTest.closeApp(RegistrationTest.java:42)
at com.facebook.registrationTests.RegistrationTest.closeApp(RegistrationTest.java:42)
at com.facebook.registrationTests.RegistrationTest.closeApp(RegistrationTest.java:42)
at com.facebook.registrationTests.RegistrationTest.closeApp(RegistrationTest.java:42)
at com.facebook.registrationTests.RegistrationTest.closeApp(RegistrationTest.java:42)
at com.facebook.registrationTests.RegistrationTest.closeApp(RegistrationTest.java:42)
at com.facebook.registrationTests.RegistrationTest.closeApp(RegistrationTest.java:42)
at com.facebook.registrationTests.RegistrationTest.closeApp(RegistrationTest.java:42)
at com.facebook.registrationTests.RegistrationTest.closeApp(RegistrationTest.java:42)
at com.facebook.registrationTests.RegistrationTest.closeApp(RegistrationTest.java:42)
at com.facebook.registrationTests.RegistrationTest.closeApp(RegistrationTest.java:42)
at com.facebook.registrationTests.RegistrationTest.closeApp(RegistrationTest.java:42)
at com.facebook.registrationTests.RegistrationTest.closeApp(RegistrationTest.java:42)
at com.facebook.registrationTests.RegistrationTest.closeApp(RegistrationTest.java:42)
at com.facebook.registrationTests.RegistrationTest.closeApp(RegistrationTest.java:42)
at com.facebook.registrationTests.RegistrationTest.closeApp(RegistrationTest.java:42)
at com.facebook.registrationTests.RegistrationTest.closeApp(RegistrationTest.java:42)
at com.facebook.registrationTests.RegistrationTest.closeApp(RegistrationTest.java:42)
at com.facebook.registrationTests.RegistrationTest.closeApp(RegistrationTest.java:42)
at com.facebook.registrationTests.RegistrationTest.closeApp(RegistrationTest.java:42)
at com.facebook.registrationTests.RegistrationTest.closeApp(RegistrationTest.java:42)
at com.facebook.registrationTests.RegistrationTest.closeApp(RegistrationTest.java:42)
at com.facebook.registrationTests.RegistrationTest.closeApp(RegistrationTest.java:42)
at com.facebook.registrationTests.RegistrationTest.closeApp(RegistrationTest.java:42)
at com.facebook.registrationTests.RegistrationTest.closeApp(RegistrationTest.java:42)
at com.facebook.registrationTests.RegistrationTest.closeApp(RegistrationTest.java:42)
at com.facebook.registrationTests.RegistrationTest.closeApp(RegistrationTest.java:42)
at com.facebook.registrationTests.RegistrationTest.closeApp(RegistrationTest.java:42)
at com.facebook.registrationTests.RegistrationTest.closeApp(RegistrationTest.java:42)
at com.facebook.registrationTests.RegistrationTest.closeApp(RegistrationTest.java:42)
at com.facebook.registrationTests.RegistrationTest.closeApp(RegistrationTest.java:42)
at com.facebook.registrationTests.RegistrationTest.closeApp(RegistrationTest.java:42)
at com.facebook.registrationTests.RegistrationTest.closeApp(RegistrationTest.java:42)
at com.facebook.registrationTests.RegistrationTest.closeApp(RegistrationTest.java:42)
at com.facebook.registrationTests.RegistrationTest.closeApp(RegistrationTest.java:42)
at com.facebook.registrationTests.RegistrationTest.closeApp(RegistrationTest.java:42)
at com.facebook.registrationTests.RegistrationTest.closeApp(RegistrationTest.java:42)
at com.facebook.registrationTests.RegistrationTest.closeApp(RegistrationTest.java:42)
at com.facebook.registrationTests.RegistrationTest.closeApp(RegistrationTest.java:42)
at com.facebook.registrationTests.RegistrationTest.closeApp(RegistrationTest.java:42)
at com.facebook.registrationTests.RegistrationTest.closeApp(RegistrationTest.java:42)
at com.facebook.registrationTests.RegistrationTest.closeApp(RegistrationTest.java:42)
at com.facebook.registrationTests.RegistrationTest.closeApp(RegistrationTest.java:42)
at com.facebook.registrationTests.RegistrationTest.closeApp(RegistrationTest.java:42)
at com.facebook.registrationTests.RegistrationTest.closeApp(RegistrationTest.java:42)
at com.facebook.registrationTests.RegistrationTest.closeApp(RegistrationTest.java:42)
at com.facebook.registrationTests.RegistrationTest.closeApp(RegistrationTest.java:42)
at com.facebook.registrationTests.RegistrationTest.closeApp(RegistrationTest.java:42)
at com.facebook.registrationTests.RegistrationTest.closeApp(RegistrationTest.java:42)
at com.facebook.registrationTests.RegistrationTest.closeApp(RegistrationTest.java:42)
at com.facebook.registrationTests.RegistrationTest.closeApp(RegistrationTest.java:42)
at com.facebook.registrationTests.RegistrationTest.closeApp(RegistrationTest.java:42)
at com.facebook.registrationTests.RegistrationTest.closeApp(RegistrationTest.java:42)
at com.facebook.registrationTests.RegistrationTest.closeApp(RegistrationTest.java:42)
at com.facebook.registrationTests.RegistrationTest.closeApp(RegistrationTest.java:42)
at com.facebook.registrationTests.RegistrationTest.closeApp(RegistrationTest.java:42)
at com.facebook.registrationTests.RegistrationTest.closeApp(RegistrationTest.java:42)
at com.facebook.registrationTests.RegistrationTest.closeApp(RegistrationTest.java:42)
at com.facebook.registrationTests.RegistrationTest.closeApp(RegistrationTest.java:42)
at com.facebook.registrationTests.RegistrationTest.closeApp(RegistrationTest.java:42)
at com.facebook.registrationTests.RegistrationTest.closeApp(RegistrationTest.java:42)
at com.facebook.registrationTests.RegistrationTest.closeApp(RegistrationTest.java:42)
at com.facebook.registrationTests.RegistrationTest.closeApp(RegistrationTest.java:42)
at com.facebook.registrationTests.RegistrationTest.closeApp(RegistrationTest.java:42)
at com.facebook.registrationTests.RegistrationTest.closeApp(RegistrationTest.java:42)
at com.facebook.registrationTests.RegistrationTest.closeApp(RegistrationTest.java:42)
at com.facebook.registrationTests.RegistrationTest.closeApp(RegistrationTest.java:42)
at com.facebook.registrationTests.RegistrationTest.closeApp(RegistrationTest.java:42)
at com.facebook.registrationTests.RegistrationTest.closeApp(RegistrationTest.java:42)
at com.facebook.registrationTests.RegistrationTest.closeApp(RegistrationTest.java:42)
at com.facebook.registrationTests.RegistrationTest.closeApp(RegistrationTest.java:42)
at com.facebook.registrationTests.RegistrationTest.closeApp(RegistrationTest.java:42)
at com.facebook.registrationTests.RegistrationTest.closeApp(RegistrationTest.java:42)
at com.facebook.registrationTests.RegistrationTest.closeApp(RegistrationTest.java:42)
at com.facebook.registrationTests.RegistrationTest.closeApp(RegistrationTest.java:42)
at com.facebook.registrationTests.RegistrationTest.closeApp(RegistrationTest.java:42)
at com.facebook.registrationTests.RegistrationTest.closeApp(RegistrationTest.java:42)
at com.facebook.registrationTests.RegistrationTest.closeApp(RegistrationTest.java:42)
at com.facebook.registrationTests.RegistrationTest.closeApp(RegistrationTest.java:42)
at com.facebook.registrationTests.RegistrationTest.closeApp(RegistrationTest.java:42)
at com.facebook.registrationTests.RegistrationTest.closeApp(RegistrationTest.java:42)
at com.facebook.registrationTests.RegistrationTest.closeApp(RegistrationTest.java:42)
at com.facebook.registrationTests.RegistrationTest.closeApp(RegistrationTest.java:42)
at com.facebook.registrationTests.RegistrationTest.closeApp(RegistrationTest.java:42)
at com.facebook.registrationTests.RegistrationTest.closeApp(RegistrationTest.java:42)
at com.facebook.registrationTests.RegistrationTest.closeApp(RegistrationTest.java:42)
at com.facebook.registrationTests.RegistrationTest.closeApp(RegistrationTest.java:42)
at com.facebook.registrationTests.RegistrationTest.closeApp(RegistrationTest.java:42)
at com.facebook.registrationTests.RegistrationTest.closeApp(RegistrationTest.java:42)
at com.facebook.registrationTests.RegistrationTest.closeApp(RegistrationTest.java:42)
at com.facebook.registrationTests.RegistrationTest.closeApp(RegistrationTest.java:42)
at com.facebook.registrationTests.RegistrationTest.closeApp(RegistrationTest.java:42)
at com.facebook.registrationTests.RegistrationTest.closeApp(RegistrationTest.java:42)
at com.facebook.registrationTests.RegistrationTest.closeApp(RegistrationTest.java:42)
at com.facebook.registrationTests.RegistrationTest.closeApp(RegistrationTest.java:42)
at com.facebook.registrationTests.RegistrationTest.closeApp(RegistrationTest.java:42)
at com.facebook.registrationTests.RegistrationTest.closeApp(RegistrationTest.java:42)
at com.facebook.registrationTests.RegistrationTest.closeApp(RegistrationTest.java:42)
at com.facebook.registrationTests.RegistrationTest.closeApp(RegistrationTest.java:42)
at com.facebook.registrationTests.RegistrationTest.closeApp(RegistrationTest.java:42)
at com.facebook.registrationTests.RegistrationTest.closeApp(RegistrationTest.java:42)
at com.facebook.registrationTests.RegistrationTest.closeApp(RegistrationTest.java:42)
at com.facebook.registrationTests.RegistrationTest.closeApp(RegistrationTest.java:42)
at com.facebook.registrationTests.RegistrationTest.closeApp(RegistrationTest.java:42)
at com.facebook.registrationTests.RegistrationTest.closeApp(RegistrationTest.java:42)
at com.facebook.registrationTests.RegistrationTest.closeApp(RegistrationTest.java:42)
at com.facebook.registrationTests.RegistrationTest.closeApp(RegistrationTest.java:42)
at com.facebook.registrationTests.RegistrationTest.closeApp(RegistrationTest.java:42)
at com.facebook.registrationTests.RegistrationTest.closeApp(RegistrationTest.java:42)
at com.facebook.registrationTests.RegistrationTest.closeApp(RegistrationTest.java:42)
at com.facebook.registrationTests.RegistrationTest.closeApp(RegistrationTest.java:42)
at com.facebook.registrationTests.RegistrationTest.closeApp(RegistrationTest.java:42)
at com.facebook.registrationTests.RegistrationTest.closeApp(RegistrationTest.java:42)
at com.facebook.registrationTests.RegistrationTest.closeApp(RegistrationTest.java:42)
at com.facebook.registrationTests.RegistrationTest.closeApp(RegistrationTest.java:42)
at com.facebook.registrationTests.RegistrationTest.closeApp(RegistrationTest.java:42)
at com.facebook.registrationTests.RegistrationTest.closeApp(RegistrationTest.java:42)
at com.facebook.registrationTests.RegistrationTest.closeApp(RegistrationTest.java:42)
at com.facebook.registrationTests.RegistrationTest.closeApp(RegistrationTest.java:42)
at com.facebook.registrationTests.RegistrationTest.closeApp(RegistrationTest.java:42)
at com.facebook.registrationTests.RegistrationTest.closeApp(RegistrationTest.java:42)
at com.facebook.registrationTests.RegistrationTest.closeApp(RegistrationTest.java:42)
at com.facebook.registrationTests.RegistrationTest.closeApp(RegistrationTest.java:42)
at com.facebook.registrationTests.RegistrationTest.closeApp(RegistrationTest.java:42)
at com.facebook.registrationTests.RegistrationTest.closeApp(RegistrationTest.java:42)
at com.facebook.registrationTests.RegistrationTest.closeApp(RegistrationTest.java:42)
at com.facebook.registrationTests.RegistrationTest.closeApp(RegistrationTest.java:42)
at com.facebook.registrationTests.RegistrationTest.closeApp(RegistrationTest.java:42)
at com.facebook.registrationTests.RegistrationTest.closeApp(RegistrationTest.java:42)
at com.facebook.registrationTests.RegistrationTest.closeApp(RegistrationTest.java:42)
at com.facebook.registrationTests.RegistrationTest.closeApp(RegistrationTest.java:42)
at com.facebook.registrationTests.RegistrationTest.closeApp(RegistrationTest.java:42)
at com.facebook.registrationTests.RegistrationTest.closeApp(RegistrationTest.java:42)
at com.facebook.registrationTests.RegistrationTest.closeApp(RegistrationTest.java:42)
at com.facebook.registrationTests.RegistrationTest.closeApp(RegistrationTest.java:42)
at com.facebook.registrationTests.RegistrationTest.closeApp(RegistrationTest.java:42)
at com.facebook.registrationTests.RegistrationTest.closeApp(RegistrationTest.java:42)
at com.facebook.registrationTests.RegistrationTest.closeApp(RegistrationTest.java:42)
at com.facebook.registrationTests.RegistrationTest.closeApp(RegistrationTest.java:42)
at com.facebook.registrationTests.RegistrationTest.closeApp(RegistrationTest.java:42)
at com.facebook.registrationTests.RegistrationTest.closeApp(RegistrationTest.java:42)
at com.facebook.registrationTests.RegistrationTest.closeApp(RegistrationTest.java:42)
at com.facebook.registrationTests.RegistrationTest.closeApp(RegistrationTest.java:42)
at com.facebook.registrationTests.RegistrationTest.closeApp(RegistrationTest.java:42)
at com.facebook.registrationTests.RegistrationTest.closeApp(RegistrationTest.java:42)
at com.facebook.registrationTests.RegistrationTest.closeApp(RegistrationTest.java:42)
at com.facebook.registrationTests.RegistrationTest.closeApp(RegistrationTest.java:42)
at com.facebook.registrationTests.RegistrationTest.closeApp(RegistrationTest.java:42)
at com.facebook.registrationTests.RegistrationTest.closeApp(RegistrationTest.java:42)
at com.facebook.registrationTests.RegistrationTest.closeApp(RegistrationTest.java:42)
at com.facebook.registrationTests.RegistrationTest.closeApp(RegistrationTest.java:42)
at com.facebook.registrationTests.RegistrationTest.closeApp(RegistrationTest.java:42)
at com.facebook.registrationTests.RegistrationTest.closeApp(RegistrationTest.java:42)
at com.facebook.registrationTests.RegistrationTest.closeApp(RegistrationTest.java:42)
at com.facebook.registrationTests.RegistrationTest.closeApp(RegistrationTest.java:42)
at com.facebook.registrationTests.RegistrationTest.closeApp(RegistrationTest.java:42)
at com.facebook.registrationTests.RegistrationTest.closeApp(RegistrationTest.java:42)
at com.facebook.registrationTests.RegistrationTest.closeApp(RegistrationTest.java:42)
at com.facebook.registrationTests.RegistrationTest.closeApp(RegistrationTest.java:42)
at com.facebook.registrationTests.RegistrationTest.closeApp(RegistrationTest.java:42)
at com.facebook.registrationTests.RegistrationTest.closeApp(RegistrationTest.java:42)
at com.facebook.registrationTests.RegistrationTest.closeApp(RegistrationTest.java:42)
at com.facebook.registrationTests.RegistrationTest.closeApp(RegistrationTest.java:42)
at com.facebook.registrationTests.RegistrationTest.closeApp(RegistrationTest.java:42)
at com.facebook.registrationTests.RegistrationTest.closeApp(RegistrationTest.java:42)
at com.facebook.registrationTests.RegistrationTest.closeApp(RegistrationTest.java:42)
at com.facebook.registrationTests.RegistrationTest.closeApp(RegistrationTest.java:42)
at com.facebook.registrationTests.RegistrationTest.closeApp(RegistrationTest.java:42)
at com.facebook.registrationTests.RegistrationTest.closeApp(RegistrationTest.java:42)
at com.facebook.registrationTests.RegistrationTest.closeApp(RegistrationTest.java:42)
at com.facebook.registrationTests.RegistrationTest.closeApp(RegistrationTest.java:42)
at com.facebook.registrationTests.RegistrationTest.closeApp(RegistrationTest.java:42)
at com.facebook.registrationTests.RegistrationTest.closeApp(RegistrationTest.java:42)
at com.facebook.registrationTests.RegistrationTest.closeApp(RegistrationTest.java:42)
at com.facebook.registrationTests.RegistrationTest.closeApp(RegistrationTest.java:42)
at com.facebook.registrationTests.RegistrationTest.closeApp(RegistrationTest.java:42)
at com.facebook.registrationTests.RegistrationTest.closeApp(RegistrationTest.java:42)
at com.facebook.registrationTests.RegistrationTest.closeApp(RegistrationTest.java:42)
at com.facebook.registrationTests.RegistrationTest.closeApp(RegistrationTest.java:42)
at com.facebook.registrationTests.RegistrationTest.closeApp(RegistrationTest.java:42)
at com.facebook.registrationTests.RegistrationTest.closeApp(RegistrationTest.java:42)
at com.facebook.registrationTests.RegistrationTest.closeApp(RegistrationTest.java:42)
at com.facebook.registrationTests.RegistrationTest.closeApp(RegistrationTest.java:42)
at com.facebook.registrationTests.RegistrationTest.closeApp(RegistrationTest.java:42)
at com.facebook.registrationTests.RegistrationTest.closeApp(RegistrationTest.java:42)
at com.facebook.registrationTests.RegistrationTest.closeApp(RegistrationTest.java:42)
at com.facebook.registrationTests.RegistrationTest.closeApp(RegistrationTest.java:42)
at com.facebook.registrationTests.RegistrationTest.closeApp(RegistrationTest.java:42)
at com.facebook.registrationTests.RegistrationTest.closeApp(RegistrationTest.java:42)
at com.facebook.registrationTests.RegistrationTest.closeApp(RegistrationTest.java:42)
at com.facebook.registrationTests.RegistrationTest.closeApp(RegistrationTest.java:42)
at com.facebook.registrationTests.RegistrationTest.closeApp(RegistrationTest.java:42)
at com.facebook.registrationTests.RegistrationTest.closeApp(RegistrationTest.java:42)
at com.facebook.registrationTests.RegistrationTest.closeApp(RegistrationTest.java:42)
at com.facebook.registrationTests.RegistrationTest.closeApp(RegistrationTest.java:42)
at com.facebook.registrationTests.RegistrationTest.closeApp(RegistrationTest.java:42)
at com.facebook.registrationTests.RegistrationTest.closeApp(RegistrationTest.java:42)
at com.facebook.registrationTests.RegistrationTest.closeApp(RegistrationTest.java:42)
at com.facebook.registrationTests.RegistrationTest.closeApp(RegistrationTest.java:42)
at com.facebook.registrationTests.RegistrationTest.closeApp(RegistrationTest.java:42)
at com.facebook.registrationTests.RegistrationTest.closeApp(RegistrationTest.java:42)
at com.facebook.registrationTests.RegistrationTest.closeApp(RegistrationTest.java:42)
at com.facebook.registrationTests.RegistrationTest.closeApp(RegistrationTest.java:42)
at com.facebook.registrationTests.RegistrationTest.closeApp(RegistrationTest.java:42)
at com.facebook.registrationTests.RegistrationTest.closeApp(RegistrationTest.java:42)
at com.facebook.registrationTests.RegistrationTest.closeApp(RegistrationTest.java:42)
at com.facebook.registrationTests.RegistrationTest.closeApp(RegistrationTest.java:42)
at com.facebook.registrationTests.RegistrationTest.closeApp(RegistrationTest.java:42)
at com.facebook.registrationTests.RegistrationTest.closeApp(RegistrationTest.java:42)
at com.facebook.registrationTests.RegistrationTest.closeApp(RegistrationTest.java:42)
at com.facebook.registrationTests.RegistrationTest.closeApp(RegistrationTest.java:42)
at com.facebook.registrationTests.RegistrationTest.closeApp(RegistrationTest.java:42)
at com.facebook.registrationTests.RegistrationTest.closeApp(RegistrationTest.java:42)
at com.facebook.registrationTests.RegistrationTest.closeApp(RegistrationTest.java:42)
at com.facebook.registrationTests.RegistrationTest.closeApp(RegistrationTest.java:42)
at com.facebook.registrationTests.RegistrationTest.closeApp(RegistrationTest.java:42)
at com.facebook.registrationTests.RegistrationTest.closeApp(RegistrationTest.java:42)
at com.facebook.registrationTests.RegistrationTest.closeApp(RegistrationTest.java:42)
at com.facebook.registrationTests.RegistrationTest.closeApp(RegistrationTest.java:42)
at com.facebook.registrationTests.RegistrationTest.closeApp(RegistrationTest.java:42)
at com.facebook.registrationTests.RegistrationTest.closeApp(RegistrationTest.java:42)
at com.facebook.registrationTests.RegistrationTest.closeApp(RegistrationTest.java:42)
at com.facebook.registrationTests.RegistrationTest.closeApp(RegistrationTest.java:42)
at com.facebook.registrationTests.RegistrationTest.closeApp(RegistrationTest.java:42)
at com.facebook.registrationTests.RegistrationTest.closeApp(RegistrationTest.java:42)
at com.facebook.registrationTests.RegistrationTest.closeApp(RegistrationTest.java:42)
at com.facebook.registrationTests.RegistrationTest.closeApp(RegistrationTest.java:42)
at com.facebook.registrationTests.RegistrationTest.closeApp(RegistrationTest.java:42)
at com.facebook.registrationTests.RegistrationTest.closeApp(RegistrationTest.java:42)
at com.facebook.registrationTests.RegistrationTest.closeApp(RegistrationTest.java:42)
at com.facebook.registrationTests.RegistrationTest.closeApp(RegistrationTest.java:42)
at com.facebook.registrationTests.RegistrationTest.closeApp(RegistrationTest.java:42)
at com.facebook.registrationTests.RegistrationTest.closeApp(RegistrationTest.java:42)
at com.facebook.registrationTests.RegistrationTest.closeApp(RegistrationTest.java:42)
at com.facebook.registrationTests.RegistrationTest.closeApp(RegistrationTest.java:42)
at com.facebook.registrationTests.RegistrationTest.closeApp(RegistrationTest.java:42)
at com.facebook.registrationTests.RegistrationTest.closeApp(RegistrationTest.java:42)
at com.facebook.registrationTests.RegistrationTest.closeApp(RegistrationTest.java:42)
at com.facebook.registrationTests.RegistrationTest.closeApp(RegistrationTest.java:42)
at com.facebook.registrationTests.RegistrationTest.closeApp(RegistrationTest.java:42)
at com.facebook.registrationTests.RegistrationTest.closeApp(RegistrationTest.java:42)
at com.facebook.registrationTests.RegistrationTest.closeApp(RegistrationTest.java:42)
at com.facebook.registrationTests.RegistrationTest.closeApp(RegistrationTest.java:42)
at com.facebook.registrationTests.RegistrationTest.closeApp(RegistrationTest.java:42)
at com.facebook.registrationTests.RegistrationTest.closeApp(RegistrationTest.java:42)
at com.facebook.registrationTests.RegistrationTest.closeApp(RegistrationTest.java:42)
at com.facebook.registrationTests.RegistrationTest.closeApp(RegistrationTest.java:42)
at com.facebook.registrationTests.RegistrationTest.closeApp(RegistrationTest.java:42)
at com.facebook.registrationTests.RegistrationTest.closeApp(RegistrationTest.java:42)
at com.facebook.registrationTests.RegistrationTest.closeApp(RegistrationTest.java:42)
at com.facebook.registrationTests.RegistrationTest.closeApp(RegistrationTest.java:42)
at com.facebook.registrationTests.RegistrationTest.closeApp(RegistrationTest.java:42)
at com.facebook.registrationTests.RegistrationTest.closeApp(RegistrationTest.java:42)
at com.facebook.registrationTests.RegistrationTest.closeApp(RegistrationTest.java:42)
at com.facebook.registrationTests.RegistrationTest.closeApp(RegistrationTest.java:42)
at com.facebook.registrationTests.RegistrationTest.closeApp(RegistrationTest.java:42)
at com.facebook.registrationTests.RegistrationTest.closeApp(RegistrationTest.java:42)
at com.facebook.registrationTests.RegistrationTest.closeApp(RegistrationTest.java:42)
at com.facebook.registrationTests.RegistrationTest.closeApp(RegistrationTest.java:42)
at com.facebook.registrationTests.RegistrationTest.closeApp(RegistrationTest.java:42)
at com.facebook.registrationTests.RegistrationTest.closeApp(RegistrationTest.java:42)
at com.facebook.registrationTests.RegistrationTest.closeApp(RegistrationTest.java:42)
at com.facebook.registrationTests.RegistrationTest.closeApp(RegistrationTest.java:42)
at com.facebook.registrationTests.RegistrationTest.closeApp(RegistrationTest.java:42)
at com.facebook.registrationTests.RegistrationTest.closeApp(RegistrationTest.java:42)
at com.facebook.registrationTests.RegistrationTest.closeApp(RegistrationTest.java:42)
at com.facebook.registrationTests.RegistrationTest.closeApp(RegistrationTest.java:42)
at com.facebook.registrationTests.RegistrationTest.closeApp(RegistrationTest.java:42)
at com.facebook.registrationTests.RegistrationTest.closeApp(RegistrationTest.java:42)
at com.facebook.registrationTests.RegistrationTest.closeApp(RegistrationTest.java:42)
at com.facebook.registrationTests.RegistrationTest.closeApp(RegistrationTest.java:42)
at com.facebook.registrationTests.RegistrationTest.closeApp(RegistrationTest.java:42)
at com.facebook.registrationTests.RegistrationTest.closeApp(RegistrationTest.java:42)
at com.facebook.registrationTests.RegistrationTest.closeApp(RegistrationTest.java:42)
at com.facebook.registrationTests.RegistrationTest.closeApp(RegistrationTest.java:42)
at com.facebook.registrationTests.RegistrationTest.closeApp(RegistrationTest.java:42)
at com.facebook.registrationTests.RegistrationTest.closeApp(RegistrationTest.java:42)
at com.facebook.registrationTests.RegistrationTest.closeApp(RegistrationTest.java:42)
at com.facebook.registrationTests.RegistrationTest.closeApp(RegistrationTest.java:42)
at com.facebook.registrationTests.RegistrationTest.closeApp(RegistrationTest.java:42)
at com.facebook.registrationTests.RegistrationTest.closeApp(RegistrationTest.java:42)
at com.facebook.registrationTests.RegistrationTest.closeApp(RegistrationTest.java:42)
at com.facebook.registrationTests.RegistrationTest.closeApp(RegistrationTest.java:42)
at com.facebook.registrationTests.RegistrationTest.closeApp(RegistrationTest.java:42)
at com.facebook.registrationTests.RegistrationTest.closeApp(RegistrationTest.java:42)
at com.facebook.registrationTests.RegistrationTest.closeApp(RegistrationTest.java:42)
at com.facebook.registrationTests.RegistrationTest.closeApp(RegistrationTest.java:42)
at com.facebook.registrationTests.RegistrationTest.closeApp(RegistrationTest.java:42)
at com.facebook.registrationTests.RegistrationTest.closeApp(RegistrationTest.java:42)
at com.facebook.registrationTests.RegistrationTest.closeApp(RegistrationTest.java:42)
at com.facebook.registrationTests.RegistrationTest.closeApp(RegistrationTest.java:42)
at com.facebook.registrationTests.RegistrationTest.closeApp(RegistrationTest.java:42)
at com.facebook.registrationTests.RegistrationTest.closeApp(RegistrationTest.java:42)
at com.facebook.registrationTests.RegistrationTest.closeApp(RegistrationTest.java:42)
at com.facebook.registrationTests.RegistrationTest.closeApp(RegistrationTest.java:42)
at com.facebook.registrationTests.RegistrationTest.closeApp(RegistrationTest.java:42)
at com.facebook.registrationTests.RegistrationTest.closeApp(RegistrationTest.java:42)
at com.facebook.registrationTests.RegistrationTest.closeApp(RegistrationTest.java:42)
at com.facebook.registrationTests.RegistrationTest.closeApp(RegistrationTest.java:42)
at com.facebook.registrationTests.RegistrationTest.closeApp(RegistrationTest.java:42)
at com.facebook.registrationTests.RegistrationTest.closeApp(RegistrationTest.java:42)
at com.facebook.registrationTests.RegistrationTest.closeApp(RegistrationTest.java:42)
at com.facebook.registrationTests.RegistrationTest.closeApp(RegistrationTest.java:42)
at com.facebook.registrationTests.RegistrationTest.closeApp(RegistrationTest.java:42)
at com.facebook.registrationTests.RegistrationTest.closeApp(RegistrationTest.java:42)
at com.facebook.registrationTests.RegistrationTest.closeApp(RegistrationTest.java:42)
at com.facebook.registrationTests.RegistrationTest.closeApp(RegistrationTest.java:42)
at com.facebook.registrationTests.RegistrationTest.closeApp(RegistrationTest.java:42)
at com.facebook.registrationTests.RegistrationTest.closeApp(RegistrationTest.java:42)
at com.facebook.registrationTests.RegistrationTest.closeApp(RegistrationTest.java:42)
at com.facebook.registrationTests.RegistrationTest.closeApp(RegistrationTest.java:42)
at com.facebook.registrationTests.RegistrationTest.closeApp(RegistrationTest.java:42)
at com.facebook.registrationTests.RegistrationTest.closeApp(RegistrationTest.java:42)
at com.facebook.registrationTests.RegistrationTest.closeApp(RegistrationTest.java:42)
at com.facebook.registrationTests.RegistrationTest.closeApp(RegistrationTest.java:42)
at com.facebook.registrationTests.RegistrationTest.closeApp(RegistrationTest.java:42)
at com.facebook.registrationTests.RegistrationTest.closeApp(RegistrationTest.java:42)
at com.facebook.registrationTests.RegistrationTest.closeApp(RegistrationTest.java:42)
at com.facebook.registrationTests.RegistrationTest.closeApp(RegistrationTest.java:42)
at com.facebook.registrationTests.RegistrationTest.closeApp(RegistrationTest.java:42)
at com.facebook.registrationTests.RegistrationTest.closeApp(RegistrationTest.java:42)
at com.facebook.registrationTests.RegistrationTest.closeApp(RegistrationTest.java:42)
at com.facebook.registrationTests.RegistrationTest.closeApp(RegistrationTest.java:42)
at com.facebook.registrationTests.RegistrationTest.closeApp(RegistrationTest.java:42)
at com.facebook.registrationTests.RegistrationTest.closeApp(RegistrationTest.java:42)
at com.facebook.registrationTests.RegistrationTest.closeApp(RegistrationTest.java:42)
at com.facebook.registrationTests.RegistrationTest.closeApp(RegistrationTest.java:42)
at com.facebook.registrationTests.RegistrationTest.closeApp(RegistrationTest.java:42)
at com.facebook.registrationTests.RegistrationTest.closeApp(RegistrationTest.java:42)
at com.facebook.registrationTests.RegistrationTest.closeApp(RegistrationTest.java:42)
at com.facebook.registrationTests.RegistrationTest.closeApp(RegistrationTest.java:42)
at com.facebook.registrationTests.RegistrationTest.closeApp(RegistrationTest.java:42)
at com.facebook.registrationTests.RegistrationTest.closeApp(RegistrationTest.java:42)
at com.facebook.registrationTests.RegistrationTest.closeApp(RegistrationTest.java:42)
at com.facebook.registrationTests.RegistrationTest.closeApp(RegistrationTest.java:42)
at com.facebook.registrationTests.RegistrationTest.closeApp(RegistrationTest.java:42)
at com.facebook.registrationTests.RegistrationTest.closeApp(RegistrationTest.java:42)
at com.facebook.registrationTests.RegistrationTest.closeApp(RegistrationTest.java:42)
at com.facebook.registrationTests.RegistrationTest.closeApp(RegistrationTest.java:42)
at com.facebook.registrationTests.RegistrationTest.closeApp(RegistrationTest.java:42)
at com.facebook.registrationTests.RegistrationTest.closeApp(RegistrationTest.java:42)
at com.facebook.registrationTests.RegistrationTest.closeApp(RegistrationTest.java:42)
at com.facebook.registrationTests.RegistrationTest.closeApp(RegistrationTest.java:42)
at com.facebook.registrationTests.RegistrationTest.closeApp(RegistrationTest.java:42)
at com.facebook.registrationTests.RegistrationTest.closeApp(RegistrationTest.java:42)
at com.facebook.registrationTests.RegistrationTest.closeApp(RegistrationTest.java:42)
at com.facebook.registrationTests.RegistrationTest.closeApp(RegistrationTest.java:42)
at com.facebook.registrationTests.RegistrationTest.closeApp(RegistrationTest.java:42)
at com.facebook.registrationTests.RegistrationTest.closeApp(RegistrationTest.java:42)
at com.facebook.registrationTests.RegistrationTest.closeApp(RegistrationTest.java:42)
at com.facebook.registrationTests.RegistrationTest.closeApp(RegistrationTest.java:42)
at com.facebook.registrationTests.RegistrationTest.closeApp(RegistrationTest.java:42)
at com.facebook.registrationTests.RegistrationTest.closeApp(RegistrationTest.java:42)
at com.facebook.registrationTests.RegistrationTest.closeApp(RegistrationTest.java:42)
at com.facebook.registrationTests.RegistrationTest.closeApp(RegistrationTest.java:42)
at com.facebook.registrationTests.RegistrationTest.closeApp(RegistrationTest.java:42)
at com.facebook.registrationTests.RegistrationTest.closeApp(RegistrationTest.java:42)
at com.facebook.registrationTests.RegistrationTest.closeApp(RegistrationTest.java:42)
at com.facebook.registrationTests.RegistrationTest.closeApp(RegistrationTest.java:42)
at com.facebook.registrationTests.RegistrationTest.closeApp(RegistrationTest.java:42)
at com.facebook.registrationTests.RegistrationTest.closeApp(RegistrationTest.java:42)
at com.facebook.registrationTests.RegistrationTest.closeApp(RegistrationTest.java:42)
at com.facebook.registrationTests.RegistrationTest.closeApp(RegistrationTest.java:42)
at com.facebook.registrationTests.RegistrationTest.closeApp(RegistrationTest.java:42)
at com.facebook.registrationTests.RegistrationTest.closeApp(RegistrationTest.java:42)
at com.facebook.registrationTests.RegistrationTest.closeApp(RegistrationTest.java:42)
at com.facebook.registrationTests.RegistrationTest.closeApp(RegistrationTest.java:42)
at com.facebook.registrationTests.RegistrationTest.closeApp(RegistrationTest.java:42)
at com.facebook.registrationTests.RegistrationTest.closeApp(RegistrationTest.java:42)
at com.facebook.registrationTests.RegistrationTest.closeApp(RegistrationTest.java:42)
at com.facebook.registrationTests.RegistrationTest.closeApp(RegistrationTest.java:42)
at com.facebook.registrationTests.RegistrationTest.closeApp(RegistrationTest.java:42)
at com.facebook.registrationTests.RegistrationTest.closeApp(RegistrationTest.java:42)
at com.facebook.registrationTests.RegistrationTest.closeApp(RegistrationTest.java:42)
at com.facebook.registrationTests.RegistrationTest.closeApp(RegistrationTest.java:42)
at com.facebook.registrationTests.RegistrationTest.closeApp(RegistrationTest.java:42)
at com.facebook.registrationTests.RegistrationTest.closeApp(RegistrationTest.java:42)
at com.facebook.registrationTests.RegistrationTest.closeApp(RegistrationTest.java:42)
at com.facebook.registrationTests.RegistrationTest.closeApp(RegistrationTest.java:42)
at com.facebook.registrationTests.RegistrationTest.closeApp(RegistrationTest.java:42)
at com.facebook.registrationTests.RegistrationTest.closeApp(RegistrationTest.java:42)
at com.facebook.registrationTests.RegistrationTest.closeApp(RegistrationTest.java:42)
at com.facebook.registrationTests.RegistrationTest.closeApp(RegistrationTest.java:42)
at com.facebook.registrationTests.RegistrationTest.closeApp(RegistrationTest.java:42)
at com.facebook.registrationTests.RegistrationTest.closeApp(RegistrationTest.java:42)
at com.facebook.registrationTests.RegistrationTest.closeApp(RegistrationTest.java:42)
at com.facebook.registrationTests.RegistrationTest.closeApp(RegistrationTest.java:42)
at com.facebook.registrationTests.RegistrationTest.closeApp(RegistrationTest.java:42)
at com.facebook.registrationTests.RegistrationTest.closeApp(RegistrationTest.java:42)
at com.facebook.registrationTests.RegistrationTest.closeApp(RegistrationTest.java:42)
at com.facebook.registrationTests.RegistrationTest.closeApp(RegistrationTest.java:42)
at com.facebook.registrationTests.RegistrationTest.closeApp(RegistrationTest.java:42)
at com.facebook.registrationTests.RegistrationTest.closeApp(RegistrationTest.java:42)
at com.facebook.registrationTests.RegistrationTest.closeApp(RegistrationTest.java:42)
at com.facebook.registrationTests.RegistrationTest.closeApp(RegistrationTest.java:42)
at com.facebook.registrationTests.RegistrationTest.closeApp(RegistrationTest.java:42)
at com.facebook.registrationTests.RegistrationTest.closeApp(RegistrationTest.java:42)
at com.facebook.registrationTests.RegistrationTest.closeApp(RegistrationTest.java:42)
at com.facebook.registrationTests.RegistrationTest.closeApp(RegistrationTest.java:42)
at com.facebook.registrationTests.RegistrationTest.closeApp(RegistrationTest.java:42)
at com.facebook.registrationTests.RegistrationTest.closeApp(RegistrationTest.java:42)
at com.facebook.registrationTests.RegistrationTest.closeApp(RegistrationTest.java:42)
at com.facebook.registrationTests.RegistrationTest.closeApp(RegistrationTest.java:42)
at com.facebook.registrationTests.RegistrationTest.closeApp(RegistrationTest.java:42)
at com.facebook.registrationTests.RegistrationTest.closeApp(RegistrationTest.java:42)
at com.facebook.registrationTests.RegistrationTest.closeApp(RegistrationTest.java:42)
at com.facebook.registrationTests.RegistrationTest.closeApp(RegistrationTest.java:42)
at com.facebook.registrationTests.RegistrationTest.closeApp(RegistrationTest.java:42)
at com.facebook.registrationTests.RegistrationTest.closeApp(RegistrationTest.java:42)
at com.facebook.registrationTests.RegistrationTest.closeApp(RegistrationTest.java:42)
at com.facebook.registrationTests.RegistrationTest.closeApp(RegistrationTest.java:42)
at com.facebook.registrationTests.RegistrationTest.closeApp(RegistrationTest.java:42)
at com.facebook.registrationTests.RegistrationTest.closeApp(RegistrationTest.java:42)
at com.facebook.registrationTests.RegistrationTest.closeApp(RegistrationTest.java:42)
at com.facebook.registrationTests.RegistrationTest.closeApp(RegistrationTest.java:42)
at com.facebook.registrationTests.RegistrationTest.closeApp(RegistrationTest.java:42)
at com.facebook.registrationTests.RegistrationTest.closeApp(RegistrationTest.java:42)
at com.facebook.registrationTests.RegistrationTest.closeApp(RegistrationTest.java:42)
at com.facebook.registrationTests.RegistrationTest.closeApp(RegistrationTest.java:42)
at com.facebook.registrationTests.RegistrationTest.closeApp(RegistrationTest.java:42)
at com.facebook.registrationTests.RegistrationTest.closeApp(RegistrationTest.java:42)
at com.facebook.registrationTests.RegistrationTest.closeApp(RegistrationTest.java:42)
at com.facebook.registrationTests.RegistrationTest.closeApp(RegistrationTest.java:42)
at com.facebook.registrationTests.RegistrationTest.closeApp(RegistrationTest.java:42)
at com.facebook.registrationTests.RegistrationTest.closeApp(RegistrationTest.java:42)
at com.facebook.registrationTests.RegistrationTest.closeApp(RegistrationTest.java:42)
at com.facebook.registrationTests.RegistrationTest.closeApp(RegistrationTest.java:42)
at com.facebook.registrationTests.RegistrationTest.closeApp(RegistrationTest.java:42)
at com.facebook.registrationTests.RegistrationTest.closeApp(RegistrationTest.java:42)
at com.facebook.registrationTests.RegistrationTest.closeApp(RegistrationTest.java:42)
at com.facebook.registrationTests.RegistrationTest.closeApp(RegistrationTest.java:42)
at com.facebook.registrationTests.RegistrationTest.closeApp(RegistrationTest.java:42)
at com.facebook.registrationTests.RegistrationTest.closeApp(RegistrationTest.java:42)
at com.facebook.registrationTests.RegistrationTest.closeApp(RegistrationTest.java:42)
at com.facebook.registrationTests.RegistrationTest.closeApp(RegistrationTest.java:42)
at com.facebook.registrationTests.RegistrationTest.closeApp(RegistrationTest.java:42)
at com.facebook.registrationTests.RegistrationTest.closeApp(RegistrationTest.java:42)
at com.facebook.registrationTests.RegistrationTest.closeApp(RegistrationTest.java:42)
at com.facebook.registrationTests.RegistrationTest.closeApp(RegistrationTest.java:42)
at com.facebook.registrationTests.RegistrationTest.closeApp(RegistrationTest.java:42)
at com.facebook.registrationTests.RegistrationTest.closeApp(RegistrationTest.java:42)
at com.facebook.registrationTests.RegistrationTest.closeApp(RegistrationTest.java:42)
at com.facebook.registrationTests.RegistrationTest.closeApp(RegistrationTest.java:42)
at com.facebook.registrationTests.RegistrationTest.closeApp(RegistrationTest.java:42)
at com.facebook.registrationTests.RegistrationTest.closeApp(RegistrationTest.java:42)
at com.facebook.registrationTests.RegistrationTest.closeApp(RegistrationTest.java:42)
at com.facebook.registrationTests.RegistrationTest.closeApp(RegistrationTest.java:42)
at com.facebook.registrationTests.RegistrationTest.closeApp(RegistrationTest.java:42)
at com.facebook.registrationTests.RegistrationTest.closeApp(RegistrationTest.java:42)
at com.facebook.registrationTests.RegistrationTest.closeApp(RegistrationTest.java:42)
at com.facebook.registrationTests.RegistrationTest.closeApp(RegistrationTest.java:42)
at com.facebook.registrationTests.RegistrationTest.closeApp(RegistrationTest.java:42)
at com.facebook.registrationTests.RegistrationTest.closeApp(RegistrationTest.java:42)
at com.facebook.registrationTests.RegistrationTest.closeApp(RegistrationTest.java:42)
at com.facebook.registrationTests.RegistrationTest.closeApp(RegistrationTest.java:42)
at com.facebook.registrationTests.RegistrationTest.closeApp(RegistrationTest.java:42)
at com.facebook.registrationTests.RegistrationTest.closeApp(RegistrationTest.java:42)
at com.facebook.registrationTests.RegistrationTest.closeApp(RegistrationTest.java:42)
at com.facebook.registrationTests.RegistrationTest.closeApp(RegistrationTest.java:42)
at com.facebook.registrationTests.RegistrationTest.closeApp(RegistrationTest.java:42)
at com.facebook.registrationTests.RegistrationTest.closeApp(RegistrationTest.java:42)
at com.facebook.registrationTests.RegistrationTest.closeApp(RegistrationTest.java:42)
at com.facebook.registrationTests.RegistrationTest.closeApp(RegistrationTest.java:42)
at com.facebook.registrationTests.RegistrationTest.closeApp(RegistrationTest.java:42)
at com.facebook.registrationTests.RegistrationTest.closeApp(RegistrationTest.java:42)
at com.facebook.registrationTests.RegistrationTest.closeApp(RegistrationTest.java:42)
at com.facebook.registrationTests.RegistrationTest.closeApp(RegistrationTest.java:42)
at com.facebook.registrationTests.RegistrationTest.closeApp(RegistrationTest.java:42)
at com.facebook.registrationTests.RegistrationTest.closeApp(RegistrationTest.java:42)
at com.facebook.registrationTests.RegistrationTest.closeApp(RegistrationTest.java:42)
at com.facebook.registrationTests.RegistrationTest.closeApp(RegistrationTest.java:42)
at com.facebook.registrationTests.RegistrationTest.closeApp(RegistrationTest.java:42)
at com.facebook.registrationTests.RegistrationTest.closeApp(RegistrationTest.java:42)
at com.facebook.registrationTests.RegistrationTest.closeApp(RegistrationTest.java:42)
at com.facebook.registrationTests.RegistrationTest.closeApp(RegistrationTest.java:42)
at com.facebook.registrationTests.RegistrationTest.closeApp(RegistrationTest.java:42)
at com.facebook.registrationTests.RegistrationTest.closeApp(RegistrationTest.java:42)
at com.facebook.registrationTests.RegistrationTest.closeApp(RegistrationTest.java:42)
at com.facebook.registrationTests.RegistrationTest.closeApp(RegistrationTest.java:42)
at com.facebook.registrationTests.RegistrationTest.closeApp(RegistrationTest.java:42)
at com.facebook.registrationTests.RegistrationTest.closeApp(RegistrationTest.java:42)
at com.facebook.registrationTests.RegistrationTest.closeApp(RegistrationTest.java:42)
at com.facebook.registrationTests.RegistrationTest.closeApp(RegistrationTest.java:42)
at com.facebook.registrationTests.RegistrationTest.closeApp(RegistrationTest.java:42)
at com.facebook.registrationTests.RegistrationTest.closeApp(RegistrationTest.java:42)
at com.facebook.registrationTests.RegistrationTest.closeApp(RegistrationTest.java:42)
at com.facebook.registrationTests.RegistrationTest.closeApp(RegistrationTest.java:42)
at com.facebook.registrationTests.RegistrationTest.closeApp(RegistrationTest.java:42)
at com.facebook.registrationTests.RegistrationTest.closeApp(RegistrationTest.java:42)
at com.facebook.registrationTests.RegistrationTest.closeApp(RegistrationTest.java:42)
at com.facebook.registrationTests.RegistrationTest.closeApp(RegistrationTest.java:42)
at com.facebook.registrationTests.RegistrationTest.closeApp(RegistrationTest.java:42)
at com.facebook.registrationTests.RegistrationTest.closeApp(RegistrationTest.java:42)
at com.facebook.registrationTests.RegistrationTest.closeApp(RegistrationTest.java:42)
at com.facebook.registrationTests.RegistrationTest.closeApp(RegistrationTest.java:42)
at com.facebook.registrationTests.RegistrationTest.closeApp(RegistrationTest.java:42)
at com.facebook.registrationTests.RegistrationTest.closeApp(RegistrationTest.java:42)
at com.facebook.registrationTests.RegistrationTest.closeApp(RegistrationTest.java:42)
at com.facebook.registrationTests.RegistrationTest.closeApp(RegistrationTest.java:42)
at com.facebook.registrationTests.RegistrationTest.closeApp(RegistrationTest.java:42)
at com.facebook.registrationTests.RegistrationTest.closeApp(RegistrationTest.java:42)
at com.facebook.registrationTests.RegistrationTest.closeApp(RegistrationTest.java:42)
at com.facebook.registrationTests.RegistrationTest.closeApp(RegistrationTest.java:42)
at com.facebook.registrationTests.RegistrationTest.closeApp(RegistrationTest.java:42)
at com.facebook.registrationTests.RegistrationTest.closeApp(RegistrationTest.java:42)
at com.facebook.registrationTests.RegistrationTest.closeApp(RegistrationTest.java:42)
at com.facebook.registrationTests.RegistrationTest.closeApp(RegistrationTest.java:42)
at com.facebook.registrationTests.RegistrationTest.closeApp(RegistrationTest.java:42)
at com.facebook.registrationTests.RegistrationTest.closeApp(RegistrationTest.java:42)
at com.facebook.registrationTests.RegistrationTest.closeApp(RegistrationTest.java:42)
at com.facebook.registrationTests.RegistrationTest.closeApp(RegistrationTest.java:42)
at com.facebook.registrationTests.RegistrationTest.closeApp(RegistrationTest.java:42)
at com.facebook.registrationTests.RegistrationTest.closeApp(RegistrationTest.java:42)
at com.facebook.registrationTests.RegistrationTest.closeApp(RegistrationTest.java:42)
at com.facebook.registrationTests.RegistrationTest.closeApp(RegistrationTest.java:42)
at com.facebook.registrationTests.RegistrationTest.closeApp(RegistrationTest.java:42)
at com.facebook.registrationTests.RegistrationTest.closeApp(RegistrationTest.java:42)
at com.facebook.registrationTests.RegistrationTest.closeApp(RegistrationTest.java:42)
at com.facebook.registrationTests.RegistrationTest.closeApp(RegistrationTest.java:42)
at com.facebook.registrationTests.RegistrationTest.closeApp(RegistrationTest.java:42)
at com.facebook.registrationTests.RegistrationTest.closeApp(RegistrationTest.java:42)
at com.facebook.registrationTests.RegistrationTest.closeApp(RegistrationTest.java:42)
at com.facebook.registrationTests.RegistrationTest.closeApp(RegistrationTest.java:42)
at com.facebook.registrationTests.RegistrationTest.closeApp(RegistrationTest.java:42)
at com.facebook.registrationTests.RegistrationTest.closeApp(RegistrationTest.java:42)
at com.facebook.registrationTests.RegistrationTest.closeApp(RegistrationTest.java:42)
at com.facebook.registrationTests.RegistrationTest.closeApp(RegistrationTest.java:42)
at com.facebook.registrationTests.RegistrationTest.closeApp(RegistrationTest.java:42)
at com.facebook.registrationTests.RegistrationTest.closeApp(RegistrationTest.java:42)
at com.facebook.registrationTests.RegistrationTest.closeApp(RegistrationTest.java:42)
at com.facebook.registrationTests.RegistrationTest.closeApp(RegistrationTest.java:42)
at com.facebook.registrationTests.RegistrationTest.closeApp(RegistrationTest.java:42)
at com.facebook.registrationTests.RegistrationTest.closeApp(RegistrationTest.java:42)
at com.facebook.registrationTests.RegistrationTest.closeApp(RegistrationTest.java:42)
at com.facebook.registrationTests.RegistrationTest.closeApp(RegistrationTest.java:42)
at com.facebook.registrationTests.RegistrationTest.closeApp(RegistrationTest.java:42)
at com.facebook.registrationTests.RegistrationTest.closeApp(RegistrationTest.java:42)
at com.facebook.registrationTests.RegistrationTest.closeApp(RegistrationTest.java:42)
at com.facebook.registrationTests.RegistrationTest.closeApp(RegistrationTest.java:42)
at com.facebook.registrationTests.RegistrationTest.closeApp(RegistrationTest.java:42)
at com.facebook.registrationTests.RegistrationTest.closeApp(RegistrationTest.java:42)
at com.facebook.registrationTests.RegistrationTest.closeApp(RegistrationTest.java:42)
at com.facebook.registrationTests.RegistrationTest.closeApp(RegistrationTest.java:42)
at com.facebook.registrationTests.RegistrationTest.closeApp(RegistrationTest.java:42)
at com.facebook.registrationTests.RegistrationTest.closeApp(RegistrationTest.java:42)
at com.facebook.registrationTests.RegistrationTest.closeApp(RegistrationTest.java:42)
at com.facebook.registrationTests.RegistrationTest.closeApp(RegistrationTest.java:42)
at com.facebook.registrationTests.RegistrationTest.closeApp(RegistrationTest.java:42)
at com.facebook.registrationTests.RegistrationTest.closeApp(RegistrationTest.java:42)
at com.facebook.registrationTests.RegistrationTest.closeApp(RegistrationTest.java:42)
at com.facebook.registrationTests.RegistrationTest.closeApp(RegistrationTest.java:42)
at com.facebook.registrationTests.RegistrationTest.closeApp(RegistrationTest.java:42)
at com.facebook.registrationTests.RegistrationTest.closeApp(RegistrationTest.java:42)
at com.facebook.registrationTests.RegistrationTest.closeApp(RegistrationTest.java:42)
at com.facebook.registrationTests.RegistrationTest.closeApp(RegistrationTest.java:42)
at com.facebook.registrationTests.RegistrationTest.closeApp(RegistrationTest.java:42)
at com.facebook.registrationTests.RegistrationTest.closeApp(RegistrationTest.java:42)
at com.facebook.registrationTests.RegistrationTest.closeApp(RegistrationTest.java:42)
at com.facebook.registrationTests.RegistrationTest.closeApp(RegistrationTest.java:42)
at com.facebook.registrationTests.RegistrationTest.closeApp(RegistrationTest.java:42)
at com.facebook.registrationTests.RegistrationTest.closeApp(RegistrationTest.java:42)
at com.facebook.registrationTests.RegistrationTest.closeApp(RegistrationTest.java:42)
at com.facebook.registrationTests.RegistrationTest.closeApp(RegistrationTest.java:42)
at com.facebook.registrationTests.RegistrationTest.closeApp(RegistrationTest.java:42)
at com.facebook.registrationTests.RegistrationTest.closeApp(RegistrationTest.java:42)
at com.facebook.registrationTests.RegistrationTest.closeApp(RegistrationTest.java:42)
at com.facebook.registrationTests.RegistrationTest.closeApp(RegistrationTest.java:42)
at com.facebook.registrationTests.RegistrationTest.closeApp(RegistrationTest.java:42)
at com.facebook.registrationTests.RegistrationTest.closeApp(RegistrationTest.java:42)
at com.facebook.registrationTests.RegistrationTest.closeApp(RegistrationTest.java:42)
at com.facebook.registrationTests.RegistrationTest.closeApp(RegistrationTest.java:42)
at com.facebook.registrationTests.RegistrationTest.closeApp(RegistrationTest.java:42)
at com.facebook.registrationTests.RegistrationTest.closeApp(RegistrationTest.java:42)
at com.facebook.registrationTests.RegistrationTest.closeApp(RegistrationTest.java:42)
at com.facebook.registrationTests.RegistrationTest.closeApp(RegistrationTest.java:42)
at com.facebook.registrationTests.RegistrationTest.closeApp(RegistrationTest.java:42)
at com.facebook.registrationTests.RegistrationTest.closeApp(RegistrationTest.java:42)
at com.facebook.registrationTests.RegistrationTest.closeApp(RegistrationTest.java:42)
at com.facebook.registrationTests.RegistrationTest.closeApp(RegistrationTest.java:42)
at com.facebook.registrationTests.RegistrationTest.closeApp(RegistrationTest.java:42)
at com.facebook.registrationTests.RegistrationTest.closeApp(RegistrationTest.java:42)
at com.facebook.registrationTests.RegistrationTest.closeApp(RegistrationTest.java:42)
at com.facebook.registrationTests.RegistrationTest.closeApp(RegistrationTest.java:42)
at com.facebook.registrationTests.RegistrationTest.closeApp(RegistrationTest.java:42)
at com.facebook.registrationTests.RegistrationTest.closeApp(RegistrationTest.java:42)
at com.facebook.registrationTests.RegistrationTest.closeApp(RegistrationTest.java:42)
at com.facebook.registrationTests.RegistrationTest.closeApp(RegistrationTest.java:42)
at com.facebook.registrationTests.RegistrationTest.closeApp(RegistrationTest.java:42)
at com.facebook.registrationTests.RegistrationTest.closeApp(RegistrationTest.java:42)
at com.facebook.registrationTests.RegistrationTest.closeApp(RegistrationTest.java:42)
at com.facebook.registrationTests.RegistrationTest.closeApp(RegistrationTest.java:42)
at com.facebook.registrationTests.RegistrationTest.closeApp(RegistrationTest.java:42)
at com.facebook.registrationTests.RegistrationTest.closeApp(RegistrationTest.java:42)
at com.facebook.registrationTests.RegistrationTest.closeApp(RegistrationTest.java:42)
at com.facebook.registrationTests.RegistrationTest.closeApp(RegistrationTest.java:42)
at com.facebook.registrationTests.RegistrationTest.closeApp(RegistrationTest.java:42)
at com.facebook.registrationTests.RegistrationTest.closeApp(RegistrationTest.java:42)
at com.facebook.registrationTests.RegistrationTest.closeApp(RegistrationTest.java:42)
at com.facebook.registrationTests.RegistrationTest.closeApp(RegistrationTest.java:42)
at com.facebook.registrationTests.RegistrationTest.closeApp(RegistrationTest.java:42)
at com.facebook.registrationTests.RegistrationTest.closeApp(RegistrationTest.java:42)
at com.facebook.registrationTests.RegistrationTest.closeApp(RegistrationTest.java:42)
at com.facebook.registrationTests.RegistrationTest.closeApp(RegistrationTest.java:42)
at com.facebook.registrationTests.RegistrationTest.closeApp(RegistrationTest.java:42)
at com.facebook.registrationTests.RegistrationTest.closeApp(RegistrationTest.java:42)
at com.facebook.registrationTests.RegistrationTest.closeApp(RegistrationTest.java:42)
at com.facebook.registrationTests.RegistrationTest.closeApp(RegistrationTest.java:42)
at com.facebook.registrationTests.RegistrationTest.closeApp(RegistrationTest.java:42)
at com.facebook.registrationTests.RegistrationTest.closeApp(RegistrationTest.java:42)
at com.facebook.registrationTests.RegistrationTest.closeApp(RegistrationTest.java:42)
at com.facebook.registrationTests.RegistrationTest.closeApp(RegistrationTest.java:42)
at com.facebook.registrationTests.RegistrationTest.closeApp(RegistrationTest.java:42)
at com.facebook.registrationTests.RegistrationTest.closeApp(RegistrationTest.java:42)
at com.facebook.registrationTests.RegistrationTest.closeApp(RegistrationTest.java:42)
at com.facebook.registrationTests.RegistrationTest.closeApp(RegistrationTest.java:42)
at com.facebook.registrationTests.RegistrationTest.closeApp(RegistrationTest.java:42)
at com.facebook.registrationTests.RegistrationTest.closeApp(RegistrationTest.java:42)
at com.facebook.registrationTests.RegistrationTest.closeApp(RegistrationTest.java:42)
at com.facebook.registrationTests.RegistrationTest.closeApp(RegistrationTest.java:42)
at com.facebook.registrationTests.RegistrationTest.closeApp(RegistrationTest.java:42)
at com.facebook.registrationTests.RegistrationTest.closeApp(RegistrationTest.java:42)
at com.facebook.registrationTests.RegistrationTest.closeApp(RegistrationTest.java:42)
at com.facebook.registrationTests.RegistrationTest.closeApp(RegistrationTest.java:42)
at com.facebook.registrationTests.RegistrationTest.closeApp(RegistrationTest.java:42)
at com.facebook.registrationTests.RegistrationTest.closeApp(RegistrationTest.java:42)
at com.facebook.registrationTests.RegistrationTest.closeApp(RegistrationTest.java:42)
at com.facebook.registrationTests.RegistrationTest.closeApp(RegistrationTest.java:42)
at com.facebook.registrationTests.RegistrationTest.closeApp(RegistrationTest.java:42)
at com.facebook.registrationTests.RegistrationTest.closeApp(RegistrationTest.java:42)
at com.facebook.registrationTests.RegistrationTest.closeApp(RegistrationTest.java:42)
at com.facebook.registrationTests.RegistrationTest.closeApp(RegistrationTest.java:42)
at com.facebook.registrationTests.RegistrationTest.closeApp(RegistrationTest.java:42)
at com.facebook.registrationTests.RegistrationTest.closeApp(RegistrationTest.java:42)
at com.facebook.registrationTests.RegistrationTest.closeApp(RegistrationTest.java:42)
at com.facebook.registrationTests.RegistrationTest.closeApp(RegistrationTest.java:42)
at com.facebook.registrationTests.RegistrationTest.closeApp(RegistrationTest.java:42)
at com.facebook.registrationTests.RegistrationTest.closeApp(RegistrationTest.java:42)
at com.facebook.registrationTests.RegistrationTest.closeApp(RegistrationTest.java:42)
at com.facebook.registrationTests.RegistrationTest.closeApp(RegistrationTest.java:42)
at com.facebook.registrationTests.RegistrationTest.closeApp(RegistrationTest.java:42)
at com.facebook.registrationTests.RegistrationTest.closeApp(RegistrationTest.java:42)
at com.facebook.registrationTests.RegistrationTest.closeApp(RegistrationTest.java:42)
at com.facebook.registrationTests.RegistrationTest.closeApp(RegistrationTest.java:42)
at com.facebook.registrationTests.RegistrationTest.closeApp(RegistrationTest.java:42)
at com.facebook.registrationTests.RegistrationTest.closeApp(RegistrationTest.java:42)
at com.facebook.registrationTests.RegistrationTest.closeApp(RegistrationTest.java:42)
at com.facebook.registrationTests.RegistrationTest.closeApp(RegistrationTest.java:42)
at com.facebook.registrationTests.RegistrationTest.closeApp(RegistrationTest.java:42)
at com.facebook.registrationTests.RegistrationTest.closeApp(RegistrationTest.java:42)
at com.facebook.registrationTests.RegistrationTest.closeApp(RegistrationTest.java:42)
at com.facebook.registrationTests.RegistrationTest.closeApp(RegistrationTest.java:42)
at com.facebook.registrationTests.RegistrationTest.closeApp(RegistrationTest.java:42)
at com.facebook.registrationTests.RegistrationTest.closeApp(RegistrationTest.java:42)
at com.facebook.registrationTests.RegistrationTest.closeApp(RegistrationTest.java:42)
at com.facebook.registrationTests.RegistrationTest.closeApp(RegistrationTest.java:42)
at com.facebook.registrationTests.RegistrationTest.closeApp(RegistrationTest.java:42)
at com.facebook.registrationTests.RegistrationTest.closeApp(RegistrationTest.java:42)
at com.facebook.registrationTests.RegistrationTest.closeApp(RegistrationTest.java:42)
at com.facebook.registrationTests.RegistrationTest.closeApp(RegistrationTest.java:42)
at com.facebook.registrationTests.RegistrationTest.closeApp(RegistrationTest.java:42)
at com.facebook.registrationTests.RegistrationTest.closeApp(RegistrationTest.java:42)
at com.facebook.registrationTests.RegistrationTest.closeApp(RegistrationTest.java:42)
at com.facebook.registrationTests.RegistrationTest.closeApp(RegistrationTest.java:42)
at com.facebook.registrationTests.RegistrationTest.closeApp(RegistrationTest.java:42)
at com.facebook.registrationTests.RegistrationTest.closeApp(RegistrationTest.java:42)
at com.facebook.registrationTests.RegistrationTest.closeApp(RegistrationTest.java:42)
at com.facebook.registrationTests.RegistrationTest.closeApp(RegistrationTest.java:42)
at com.facebook.registrationTests.RegistrationTest.closeApp(RegistrationTest.java:42)
at com.facebook.registrationTests.RegistrationTest.closeApp(RegistrationTest.java:42)
at com.facebook.registrationTests.RegistrationTest.closeApp(RegistrationTest.java:42)
at com.facebook.registrationTests.RegistrationTest.closeApp(RegistrationTest.java:42)
at com.facebook.registrationTests.RegistrationTest.closeApp(RegistrationTest.java:42)
at com.facebook.registrationTests.RegistrationTest.closeApp(RegistrationTest.java:42)
at com.facebook.registrationTests.RegistrationTest.closeApp(RegistrationTest.java:42)
at com.facebook.registrationTests.RegistrationTest.closeApp(RegistrationTest.java:42)
at com.facebook.registrationTests.RegistrationTest.closeApp(RegistrationTest.java:42)
at com.facebook.registrationTests.RegistrationTest.closeApp(RegistrationTest.java:42)
at com.facebook.registrationTests.RegistrationTest.closeApp(RegistrationTest.java:42)
at com.facebook.registrationTests.RegistrationTest.closeApp(RegistrationTest.java:42)
at com.facebook.registrationTests.RegistrationTest.closeApp(RegistrationTest.java:42)
at com.facebook.registrationTests.RegistrationTest.closeApp(RegistrationTest.java:42)
at com.facebook.registrationTests.RegistrationTest.closeApp(RegistrationTest.java:42)
at com.facebook.registrationTests.RegistrationTest.closeApp(RegistrationTest.java:42)
at com.facebook.registrationTests.RegistrationTest.closeApp(RegistrationTest.java:42)
at com.facebook.registrationTests.RegistrationTest.closeApp(RegistrationTest.java:42)
at com.facebook.registrationTests.RegistrationTest.closeApp(RegistrationTest.java:42)
at com.facebook.registrationTests.RegistrationTest.closeApp(RegistrationTest.java:42)
at com.facebook.registrationTests.RegistrationTest.closeApp(RegistrationTest.java:42)
at com.facebook.registrationTests.RegistrationTest.closeApp(RegistrationTest.java:42)
at com.facebook.registrationTests.RegistrationTest.closeApp(RegistrationTest.java:42)
at com.facebook.registrationTests.RegistrationTest.closeApp(RegistrationTest.java:42)
at com.facebook.registrationTests.RegistrationTest.closeApp(RegistrationTest.java:42)
at com.facebook.registrationTests.RegistrationTest.closeApp(RegistrationTest.java:42)
at com.facebook.registrationTests.RegistrationTest.closeApp(RegistrationTest.java:42)
at com.facebook.registrationTests.RegistrationTest.closeApp(RegistrationTest.java:42)
at com.facebook.registrationTests.RegistrationTest.closeApp(RegistrationTest.java:42)
at com.facebook.registrationTests.RegistrationTest.closeApp(RegistrationTest.java:42)
at com.facebook.registrationTests.RegistrationTest.closeApp(RegistrationTest.java:42)
at com.facebook.registrationTests.RegistrationTest.closeApp(RegistrationTest.java:42)
at com.facebook.registrationTests.RegistrationTest.closeApp(RegistrationTest.java:42)
at com.facebook.registrationTests.RegistrationTest.closeApp(RegistrationTest.java:42)
at com.facebook.registrationTests.RegistrationTest.closeApp(RegistrationTest.java:42)
at com.facebook.registrationTests.RegistrationTest.closeApp(RegistrationTest.java:42)
at com.facebook.registrationTests.RegistrationTest.closeApp(RegistrationTest.java:42)
at com.facebook.registrationTests.RegistrationTest.closeApp(RegistrationTest.java:42)
at com.facebook.registrationTests.RegistrationTest.closeApp(RegistrationTest.java:42)
at com.facebook.registrationTests.RegistrationTest.closeApp(RegistrationTest.java:42)
at com.facebook.registrationTests.RegistrationTest.closeApp(RegistrationTest.java:42)
at com.facebook.registrationTests.RegistrationTest.closeApp(RegistrationTest.java:42)
at com.facebook.registrationTests.RegistrationTest.closeApp(RegistrationTest.java:42)
at com.facebook.registrationTests.RegistrationTest.closeApp(RegistrationTest.java:42)
at com.facebook.registrationTests.RegistrationTest.closeApp(RegistrationTest.java:42)
at com.facebook.registrationTests.RegistrationTest.closeApp(RegistrationTest.java:42)
at com.facebook.registrationTests.RegistrationTest.closeApp(RegistrationTest.java:42)
at com.facebook.registrationTests.RegistrationTest.closeApp(RegistrationTest.java:42)
at com.facebook.registrationTests.RegistrationTest.closeApp(RegistrationTest.java:42)
at com.facebook.registrationTests.RegistrationTest.closeApp(RegistrationTest.java:42)
at com.facebook.registrationTests.RegistrationTest.closeApp(RegistrationTest.java:42)
at com.facebook.registrationTests.RegistrationTest.closeApp(RegistrationTest.java:42)
at com.facebook.registrationTests.RegistrationTest.closeApp(RegistrationTest.java:42)
at com.facebook.registrationTests.RegistrationTest.closeApp(RegistrationTest.java:42)
at com.facebook.registrationTests.RegistrationTest.closeApp(RegistrationTest.java:42)
at com.facebook.registrationTests.RegistrationTest.closeApp(RegistrationTest.java:42)
at com.facebook.registrationTests.RegistrationTest.closeApp(RegistrationTest.java:42)
at com.facebook.registrationTests.RegistrationTest.closeApp(RegistrationTest.java:42)
at com.facebook.registrationTests.RegistrationTest.closeApp(RegistrationTest.java:42)
at com.facebook.registrationTests.RegistrationTest.closeApp(RegistrationTest.java:42)
at com.facebook.registrationTests.RegistrationTest.closeApp(RegistrationTest.java:42)
at com.facebook.registrationTests.RegistrationTest.closeApp(RegistrationTest.java:42)
at com.facebook.registrationTests.RegistrationTest.closeApp(RegistrationTest.java:42)
at com.facebook.registrationTests.RegistrationTest.closeApp(RegistrationTest.java:42)
at com.facebook.registrationTests.RegistrationTest.closeApp(RegistrationTest.java:42)
at com.facebook.registrationTests.RegistrationTest.closeApp(RegistrationTest.java:42)
at com.facebook.registrationTests.RegistrationTest.closeApp(RegistrationTest.java:42)
at com.facebook.registrationTests.RegistrationTest.closeApp(RegistrationTest.java:42)
at com.facebook.registrationTests.RegistrationTest.closeApp(RegistrationTest.java:42)
at com.facebook.registrationTests.RegistrationTest.closeApp(RegistrationTest.java:42)
at com.facebook.registrationTests.RegistrationTest.closeApp(RegistrationTest.java:42)
at com.facebook.registrationTests.RegistrationTest.closeApp(RegistrationTest.java:42)
at com.facebook.registrationTests.RegistrationTest.closeApp(RegistrationTest.java:42)
at com.facebook.registrationTests.RegistrationTest.closeApp(RegistrationTest.java:42)
at com.facebook.registrationTests.RegistrationTest.closeApp(RegistrationTest.java:42)
at com.facebook.registrationTests.RegistrationTest.closeApp(RegistrationTest.java:42)
at com.facebook.registrationTests.RegistrationTest.closeApp(RegistrationTest.java:42)
at com.facebook.registrationTests.RegistrationTest.closeApp(RegistrationTest.java:42)
at com.facebook.registrationTests.RegistrationTest.closeApp(RegistrationTest.java:42)
at com.facebook.registrationTests.RegistrationTest.closeApp(RegistrationTest.java:42)
at com.facebook.registrationTests.RegistrationTest.closeApp(RegistrationTest.java:42)
at com.facebook.registrationTests.RegistrationTest.closeApp(RegistrationTest.java:42)
at com.facebook.registrationTests.RegistrationTest.closeApp(RegistrationTest.java:42)
at com.facebook.registrationTests.RegistrationTest.closeApp(RegistrationTest.java:42)
at com.facebook.registrationTests.RegistrationTest.closeApp(RegistrationTest.java:42)
at com.facebook.registrationTests.RegistrationTest.closeApp(RegistrationTest.java:42)
at com.facebook.registrationTests.RegistrationTest.closeApp(RegistrationTest.java:42)
at com.facebook.registrationTests.RegistrationTest.closeApp(RegistrationTest.java:42)
at com.facebook.registrationTests.RegistrationTest.closeApp(RegistrationTest.java:42)
at com.facebook.registrationTests.RegistrationTest.closeApp(RegistrationTest.java:42)
at com.facebook.registrationTests.RegistrationTest.closeApp(RegistrationTest.java:42)
at com.facebook.registrationTests.RegistrationTest.closeApp(RegistrationTest.java:42)
at com.facebook.registrationTests.RegistrationTest.closeApp(RegistrationTest.java:42)
at com.facebook.registrationTests.RegistrationTest.closeApp(RegistrationTest.java:42)
at com.facebook.registrationTests.RegistrationTest.closeApp(RegistrationTest.java:42)
at com.facebook.registrationTests.RegistrationTest.closeApp(RegistrationTest.java:42)
]]>
            </full-stacktrace>
          </exception> <!-- java.lang.StackOverflowError -->
          <reporter-output>
          </reporter-output>
        </test-method> <!-- closeApp -->
      </class> <!-- com.facebook.registrationTests.RegistrationTest -->
    </test> <!-- Default test -->
  </suite> <!-- Default suite -->
</testng-results>
