<?xml version="1.0" encoding="UTF-8"?>
<testng-results ignored="0" total="1" passed="1" failed="0" skipped="0">
  <reporter-output>
  </reporter-output>
  <suite started-at="2023-10-12T01:32:13 EDT" name="Default suite" finished-at="2023-10-12T01:32:21 EDT" duration-ms="8776">
    <groups>
    </groups>
    <test started-at="2023-10-12T01:32:13 EDT" name="Default test" finished-at="2023-10-12T01:32:21 EDT" duration-ms="8776">
      <class name="com.facebook.registrationTests.RegistrationTest">
        <test-method is-config="true" signature="openRegistrationPage()[pri:0, instance:com.facebook.registrationTests.RegistrationTest@2b71e916]" started-at="2023-10-12T01:32:13 EDT" name="openRegistrationPage" finished-at="2023-10-12T01:32:18 EDT" duration-ms="5118" status="PASS">
          <reporter-output>
          </reporter-output>
        </test-method> <!-- openRegistrationPage -->
        <test-method signature="registrationTest()[pri:0, instance:com.facebook.registrationTests.RegistrationTest@2b71e916]" started-at="2023-10-12T01:32:18 EDT" name="registrationTest" finished-at="2023-10-12T01:32:21 EDT" duration-ms="3147" status="PASS">
          <reporter-output>
          </reporter-output>
        </test-method> <!-- registrationTest -->
        <test-method is-config="true" signature="closeFacebook()[pri:0, instance:com.facebook.registrationTests.RegistrationTest@2b71e916]" started-at="2023-10-12T01:32:21 EDT" name="closeFacebook" finished-at="2023-10-12T01:32:21 EDT" duration-ms="441" status="PASS">
          <reporter-output>
          </reporter-output>
        </test-method> <!-- closeFacebook -->
      </class> <!-- com.facebook.registrationTests.RegistrationTest -->
    </test> <!-- Default test -->
  </suite> <!-- Default suite -->
</testng-results>
